[    0.000000] Initializing cgroup subsys cpuset
[    0.000000] Initializing cgroup subsys cpu
[   0.000000] Initializing cgroup subsys cpuacct
[    0.000000] Linux version 4.4.0-137-generic (buildd@lgw01-amd64-037) (gcc version 5.4.0 20160609 (Ubuntu 5.4.0-6ubuntu1~16.04.10) ) #163-Ubuntu SMP Mon Sep 24 13:14:43 UTC 2018 (Ubuntu 4.4.0-137.163-generic 4.4.144)
    0.000000] Command line: BOOT_IMAGE=/boot/vmlinuz-4.4.0-137-generic root=LABEL=cloudimg-rootfs ro console=tty1 console=ttyS0
[    0.000000] KERNEL supported cpus:
[    0.000000]   Intel GenuineIntel
[    0.000000]   AMD AuthenticAMD
[    0.000000]   Centaur CentaurHauls
[    0.000000] x86/fpu: xstate_offset[2]:  576, xstate_sizes[2]:  256
[    0.000000] x86/fpu: Supporting XSAVE feature 0x01: 'x87 floating pint registers'
[    0.000000] x86/fpu: Supporting XSAVE feature 0x02: 'SSE registers'
[    0.000000] x86/fpu: Supporting XSAVE feature 0x04: 'AVX registers'
[    0.000000] x86/fpu: Enabled xstate features 0x7, context size is 832 bytes, using 'standard' format.
[    0.000000] e820: BIOS-provided physical RAM map:
[    0.000000] BIOS-e820: [mem 0x0000000000000000-0x000000000009fbff] usable
[    0.000000] BIOS-e820: [mem 0x000000000009fc00-0x000000000009ffff] reserved
[    0.000000] BIOS-e820: [mem 0x00000000000f0000-0x00000000000fffff] reserved
[    0.000000] BIOS-e820: [mem 0x0000000000100000-0x000000003ffeffff] usable
[    0.000000] BIOS-e820: [mem 0x000000003fff0000-0x000000003fffffff] ACPI data
[    0.000000] BIOS-e820: [mem 0x00000000fec00000-0x00000000fec00fff] reserved
[    0.000000] BIOS-e820: [mem 0x00000000fee00000-0x00000000fee00fff] reserved
[    0.000000] BIOS-e820: [mem 0x00000000fffc0000-0x00000000ffffffff] reserved
[    0.000000] NX (Execute Disable) protection: active
[    0.000000] SMBIOS 2.5 present.
[    0.000000] Hypervisor detected: KVM
[    0.00000] e820: last_pfn = 0x3fff0 max_arch_pfn = 0x40000000
[    0.000000] MTRR: Disabled
[    0.000000] x86/PAT: MTRRs disabled, skipping PAT initialization too.
[    0.000000] CPU MTRRs all blank - virtualized system.
[    0.000000] x86/PAT: Configuration [0-7]: WB  WT  UC- UC  WB  WT  UC- UC  
[    0.000000] found SMP MP-table at [mem 0x0009fff0-0x0009ffff] mapped at [ffff88000009fff0]
[    0.000000] Scanning 1 areas for low memory corruption
[    0.000000] RAMDISK: [mem 0x3630e000-0x3717efff]
[    0.000000] ACPI: Early table checksum verification disabled
[    0.000000] ACPI: RSDP 0x00000000000E0000 000024 (v02 VBOX  )
[    0.000000] ACPI: XSDT 0x000000003FFF0030 00003C (v01 VBOX   VBOXXSDT 00000001 ASL  00000061)
[    0.000000] ACPI: FACP 0x000000003FFF00F0 0000F4 (v04 VBOX   VBOXFACP 00000001 ASL  00000061)
[    0.000000] ACPI: DSDT 0xx000000003FFF0470 0021FF (v02 VBOX   VBOXBIOS 00000002 INTL 20100528)
[    0.000000] ACPI: FACS 0x000000003FFF0200 000040
[    0.000000] ACPI: FACS 0x000000003FFF0200 000040
[    0.000000] ACPI: APIC 0x000000003FFF0240 00005C (v02 VBOX   VBOXAPIC 00000001 ASL  00000061)
[    0.000000] ACPI: SSDT 0x000000003FFF02A0 0001CC (v01 VBOX   VBOXCPUT 00000002 INTL 201528)
[    0.000000] No NUMA configuration found
[    0.000000] Faking a node at [mem 0x0000000000000000-0x000000003ffeffff]
[    0.000000] NODE_DATA(0) allocated [mem 0x3ffeb000-0x3ffeffff]
[    0.000000] kvm-clock: Using msrs 4b564d01 and 4b564d00
[    0.000000] kvm-clock: cpu 0, msr 0:3ffe3001, primary cpu clock
[    0.0000] kvm-clock: using sched offset of 5296797886 cycles
[    0.000000] clocksource: kvm-clock: mask: 0xffffffffffffffff max_cycles: 0x1cd42e4dffb, max_idlle_ns: 881590591483 ns
[    0.000000] Zone ranges:
[    0.000000]   DMA      [mem 0x0000000000001000-0x0000000000ffffff]
[    0.000000]   DMA32    [mem 0x0000000001000000-0x000000003ffeffff]
[    0.000000]   Normal   empty
[    0.000000]   Device   empty
[    0.000000] Movable zone start for each node
[    0.000000] Early memory node ranges
[    0.000000]   node   0: [mem 0x0000000000001000-0x000000000009efff]
[    0.000000]   node   0: [mem 0x0000000000100000-0x000000003ffeffff]
[    0.000000] Initmem setup node 0 [mem 0x0000000000001000-0x000000003ffeffff]
[    0.000000] ACPI: PM-Timer IO Port: 0x4008
[    0.000000] IOAPIC[0]: apic_id 2, version 32, address 0xfec00000, GSI 0-23
[    0.000000] ACPI: INT_SRC_OVR (bus 0 bus_irq 0 global_irq 2 dfl dfl)
[    0.000000] ACPI: INT_SRC_OVR (bus 0 bus_irq 9 global_irq9 low level)
[    0.000000] Using ACPI (MADT) for SMP configuration information
[    0.00000 spbot: Alowing 2 CPUs,  hotplugCPs
[  0.00000] PM: Registered nosave memory: [me0x00000000-0x00000fff]
[    0.000000] PM: Registered nosave memory: [[mem 0x0009f000-0x0009ffff]
[    0.000000] PM: Registered nosave memory: [mem 0x000a0000-0x000effff]
[    0.000000] PM: Registered nosave memory: [mem 0x000f0000-0x000fffff]
[    0.000000] e820: [mem 0x40000000-0xfebfffff] available for PCI devis
[    0.000000] Booting paravirtualized kernel on KVM
[    0.000000] clocksource: refined-jiffies: mask: 0xffffffff max_cycles: 0xffffffff, max_idle_ns: 7645519600211568 ns
[    0.000000] setup_percpu: NR_CPUS:512 nr_cpumask_bits:512 nr_cpu_ids:2 nr_nodids:1
[   0.000000] PERCPU: Embeddd 4 pes/cpu @ffff88003fc00000 s99608 r8192 d31464 u10576
[    0.000000] PV qspinlock hash table entries: 256 (order: 0, 4096 bytes)
[    0.000000] Built 1 zonelists in Node order, mobility grouping on.  Total pages: 257912
[    0.000000] Policy zone: DMA32
[    0.000000] Kernel command line: BOOT_IMAGE=/boot/vmlinuz-4.4.0-137-generic root=LABEL=cloudimg-rootfs ro console=tty1 console=ttyS0
[    0.000000] PID hash table entries: 4096 (order: 3, 32768 bytes)
[    0.000000] Memory: 997716K/1048120K available (8555K kernel code, 1314K rwdata, 4004K rodata, 1528K init, 1316K bss, 50404K reserved, 0K cma-reserved)
[    0.000000] SLUB: HWalign=64, Order=0-3, MinObjects=0, CPUs=2, Nodes=1
[    0.000000] Kernel/User page tables isolation: enabled
[    0.000000] Hierarchical RCU implementation.
[    0.000000] 	Build-time adjustment of leaf fanout to 64.
[    0.000000] 	RCU restricting CPUs frm NR_CPUS=512 to nr_cpu_ids=2.
[    0.000000] RCU: Adjusting geometry for rcu_fanout_leaf=64, nr_cpu_ids=2
[    0.000000] NR_IRQS:33024 nr_irqs:440 16
[    0.000000] Console: colour VGA+ 80x25
[    0.000000] console [tty1] enabled
[    0.000000] console [ttyS0] enabled
[    0.000000] tsc: Detected 1799.999 MHz processor
[    1.271656] Calibrating delay loop (skipped) preset value.. 3599.99 BogoMIPS (lpj=7199996)
[    1.275817] pid_max: default: 32768 minimum: 301
[    1.278803] ACPI: Core revision 20150930
[    1.282331] ACPI: 2 ACPI AML tables successfully acquired and loaded
[    1.286571] Security Framework initialized
[    1.289015] Yama: becoming mindful.
[    1.290767] AppArmor: AppArmor initialized
[    1.292926] Dentry cache hash table entries: 131072 (order: 8, 1048576 bytes)
[    1.303067] Inode-cache hash table entries: 65536 (order: 7, 524288 bytes)
[    1.306260] Mount-cache hash table entries: 2048 (order: 2, 16384 bytes)
[    1.309357] Mountpoint-cache hash table entries: 2048 (order: 2, 16384 bytes)
[    1.312927] Initializing cgroup subsys io
[    1.314600] Initializing cgroup subsys memory
[    1.316723] Initializing cgroup subsys devices
[    1.324689] Initializing cgroup subsys freezer
[    1.332456] Initializing cgroup subsys net_cls
[    1.334931] Initializing cgroup subsys perf_event
[    1.337801] Initializing cgroup subsys net_prio
[    1.351730] Initializing cgroup subsys hugetlb
[    1.354973] Initializing cgroup subsys pids
[    1.358167] mce: CPU supports 0 MCE banks
[    1.365777] Last level iTLB entries: 4KB 64, 2MB 8, 4MB 8
[    1.397267] Last level dTLB entries: 4KB 64, 2MB 0, 4MB 0, 1GB 4
[    1.412123] Spectre V2 : Mitigation: Full generic retpoline
[    1.426094] Spectre V2 : Spectre v2 mitigation: Speculation control IBPB not-supported IBRS not-supported
[    1.430052] Spectre V2 : Spectre v2 / SpectreRSB mitigation: Filling RSB on context switch
[    1.471500] Speculative Store Bypass: Vulnerable
[    1.500302] Freeing SMP alternatives memory: 32K
[    1.523861] ftrace: allocating 32265 entries in 127 pages
[    1.590706] smpboot: APIC(0) Converting physical 0 to logical package 0
[    1.593864] smpboot: Max logical packages: 1
[    1.596469] x2apic enabled
[    1.598008] Switched APIC routing to physical x2apic.
[    1.601563] ..TIMER: vector=0x30 apic1=0 pin1=2 apic2=-1 pin2=-1
[    1.725013] smpboot: CPU0: Intel(R) Core(TM) i5-5350U CPU @ 1.80GHz (family: 0x6, model: 0x3d, stepping: 0x4)
[    1.735130] Performance Events: unsupported p6 CPU model 61 no PMU driver, software events only.
[    1.750319] KVM setup paravirtual spinlock
[    1.759011] x86: Booting SMP configuration:
[    1.770642] .... node  #0, CPUs:      #1
[    1.778508] kvm-clock: cpu 1, msr 0:3ffe3041, secondary cpu clock
[    1.781632] mce: CPU supports 0 MCE banks
[    1.784997] x86: Booted up 1 node, 2 CPUs
[    1.798215] smpboot: Total of 2 processors activated (7199.99 BogoMIPS)
[    1.809791] devtmpfs: initialized
[    1.815944] evm: security.selinux
[    1.824540] evm: security.SMACK64
[    1.825986] evm: security.SMACK64EXEC
[    1.833713] evm: security.SMACK64TRANSMUTE
[    1.841248] evm: security.SMACK64MMAP
[    1.848459] evm: security.ima
[    1.849830] evm: security.capability
[    1.851828] clocksource: jiffies: mask: 0xffffffff max_cycles: 0xffffffff, max_idle_ns: 7645041785100000 ns
[    1.862069] futex hash table entries: 512 (order: 3, 32768 bytes)
[    1.869978] pinctrl core: initialized pinctrl subsystem
[    1.876011] RTC time: 18:06:07, date: 11/20/18
[    1.887491] NET: Registered protocol family 16
[    1.901614] cpuidle: using governor ladder
[    1.917452] cpuidle: using governor menu
[    1.923137] PCCT header not found.
[    1.928317] ACPI: bus type PCI registered
[    1.932787] acpiphp: ACPI Hot Plug PCI Controller Driver version: 0.5
[    1.942335] PCI: Using configuration type 1 for base access
[    1.962491] ACPI: Added _OSI(Module Device)
[    1.970787] ACPI: Added _OSI(Processor Device)
[    1.975819] ACPI: Added _OSI(3.0 _SCP Extensions)
[    1.981560] ACPI: Added _OSI(Processor Aggregator Device)
[    1.984657] ACPI: Executed 1 blocks of module-level executable AML code
[    2.000585] ACPI: Interpreter enabled
[    2.002164] ACPI: (supports S0 S5)
[    2.004092] ACPI: Using IOAPIC for interrupt routing
[    2.012137] PCI: Using host bridge windows from ACPI; if necessary, use "pci=nocrs" and report a bug
[    2.034110] ACPI: PCI Root Bridge [PCI0] (domain 0000 [bus 00-ff])
[    2.042369] acpi PNP0A03:00: _OSC: OS supports [ASPM ClockPM Segments MSI]
[    2.045200] acpi PNP0A03:00: _OSC: not requesting OS control; OS requires [ExtendedConfig ASPM ClockPM MSI]
[    2.048220] acpi PNP0A03:00: fail to add MMCONFIG information, can't access extended PCI configuration space under this bridge.
[    2.054101] PCI host bridge to bus 0000:00
[    2.055382] pci_bus 0000:00: root bus resource [io  0x0000-0x0cf7 window]
[    2.057834] pci_bus 0000:00: root bus resource [io  0x0d00-0xffff window]
[    2.060254] pci_bus 0000:00: root bus resource [mem 0x000a0000-0x000bffff window]
[    2.063988] pci_bus 0000:00: root bus resource [mem 0x40000000-0xfdffffff window]
[    2.068262] pci_bus 0000:00: root bus resource [bus 00-ff]
[    2.074658] pci 0000:00:01.1: legacy IDE quirk: reg 0x10: [io  0x01f0-0x01f7]
[    2.077241] pci 0000:00:01.1: legacy IDE quirk: reg 0x14: [io  0x03f6]
[    2.082817] pci 0000:00:01.1: legacy IDE quirk: reg 0x18: [io  0x0170-0x0177]
[    2.086760] pci 0000:00:01.1: legacy IDE quirk: reg 0x1c: [io  0x0376]
[    2.126876] pci 0000:00:07.0: quirk: [io  0x4000-0x403f] claimed by PIIX4 ACPI
[    2.135976] pci 0000:00:07.0: quirk: [io  0x4100-0x410f] claimed by PIIX4 SMB
[    2.154795] ACPI: PCI Interrupt Link [LNKA] (IRQs 5 9 10 *11)
[    2.162213] ACPI: PCI Interrupt Link [LNKB] (IRQs 5 9 *10 11)
[    2.167963] ACPI: PCI Interrupt Link [LNKC] (IRQs 5 *9 10 11)
[    2.174511] ACPI: PCI Interrupt Link [LNKD] (IRQs 5 9 10 *11)
[    2.181487] ACPI: Enabled 2 GPEs in block 00 to 07
[    2.199380] vgaarb: setting as boot device: PCI:0000:00:02.0
[    2.215199] vgaarb: device added: PCI:0000:00:02.0,decodes=io+mem,owns=io+mem,locks=none
[    2.222567] vgaarb: loaded
[    2.223961] vgaarb: bridge control possible 0000:00:02.0
[    2.232353] SCSI subsystem initialized
[    2.236369] ACPI: bus type USB registered
[    2.241298] usbcore: registered new interface driver usbfs
[    2.258997] usbcore: registered new interface driver hub
[    2.267441] usbcore: registered new device driver usb
[    2.281473] PCI: Using ACPI for IRQ routing
[    2.297723] NetLabel: Initializing
[    2.302430] NetLabel:  domain hash size = 128
[    2.306966] NetLabel:  protocols = UNLABELED CIPSOv4
[    2.309401] NetLabel:  unlabeled traffic allowed by default
[    2.312362] amd_nb: Cannot enumerate AMD northbridges
[    2.315842] clocksource: Switched to clocksource kvm-clock
[    2.342266] AppArmor: AppArmor Filesystem Enabled
[    2.35969 pnp: PnP ACPI init
[   2.398996] pnp: PnP ACPI: found 3 devices

[    2.38675] cocksource:acpi_pm: mask: 0xffffff max_cycles: 0xffffff, max_idle_ns: 2085701024 ns
[    2.51523] NET: Reistered protocol family 2

[    2.566281] TCP established hash table entries: 8192 (order: 4, 65536bytes)
[    2.598423] TCP bind hash table entries: 8192 (order: 5, 131072 ytes)
[    2.625929] TCP: Hash tabes configured (established 8192 bind 8192)
[    2.653084] UDP hash table entries: 512 (order: 2, 16384 bytes)
[    2.65503] UDP-Lite hash table entries: 512 (order:  16384 bytes)
[   2.72509] NET: Registered protocol family 1
[    2.803160] pci 0000:00:0.0: Limiting direct PCI/PCI transfers
[    2.83012] pci 000:00:01.0:Activting ISA DMA hang workarounds
[    2.93864] Unpacking initrmfs...

[    3.295436] Freeing initrd memory: 14788
[    3.322842] RAPL PMU detected, API unitis 2^-32 Joules,4 fied counters 10737418240 ms ovfl timer
[    3.402151] hw unit of domain pp0-core 2^- Joules

[    3.429719] hw unit of domain package 2^-0 Joules
[    3.431671] hw unit of domain dram 2^-0 Joules
[    3.441832] hw unit of domain pp1-gpu 2^-0 Joules
[    3.449876] platform rtc_cmos: registered platfom RTC device (no PNP device found)
[   3.479877] Scanning for low memory crrupion very60 seconds

[    3.609728] audit: initializing netlink subsys (disabled)
[    3.612641] audit: type=2000 audit(1542737174.357:1): initialized
[    3.615402] Initialise system trusted keyring
[    3.622101] HugeTLB registered 2 MB page size, pre-allocated 0 pages
[    3.633171] zbud: loaded
[    3.634962] VFS: Disk quotas dquot_6.6.0
[    3.637317] VFS: Dquot-cache hash table entries: 512 (order 0, 4096 bytes)
[    3.651744] squashfs: version 4.0 (2009/01/31) Phillip Lougher
[    3.687199] fuse init (API version 7.23)
[    3.689610] Key type big_key registered
[    3.701585] Allocating IMA MOK and blacklist keyrings.
[    3.710250] Key type asymmetric registered
[    3.730091] Asymmetric key parser 'x509' registered
[    3.736245] Block layer SCSI generic (bsg) driver version 0.4 loaded (major 249)
[    3.741770] io scheduler noop registered
[    3.762517] io scheduler deadline registered (default)
[    3.781710] io scheduler cfq registered
[    3.783579] pci_hotplug: PCI Hot Plug PCI Core version: 0.5
[    3.800107] pciehp: PCI Express Hot Plug Controller Driver version: 0.4
[    3.805181] ACPI: AC Adapter [AC] (off-line)
[    3.821462] input: Power Button as /devices/LNXSYSTM:00/LNXPWRBN:00/input/input0
[    3.851655] ACPI: Power Button [PWRF]
[    3.878798] input: Sleep Button as /devices/LNXSYSTM:00/LNXSLPBN:00/input/input1
[    3.890072] ACPI: Sleep Button [SLPF]
[    3.894422] ACPI: Battery Slot [BAT0] (battery present)
[    3.911399] GHES: HEST is not enabled!
[    3.913007] Serial: 8250/16550 driver, 32 ports, IRQ sharing enabled
[    3.946409] 00:02: ttyS0 at I/O 0x3f8 (irq = 4, base_baud = 115200) is a 16550A
[    3.950620] Linux agpgart interface v0.103
[    3.956712] loop: module loaded
[    3.968589] scsi host0: ata_piix
[    3.970833] scsi host1: ata_piix
[    3.972450] ata1: PATA max UDMA/33 cmd 0x1f0 ctl 0x3f6 bmdma 0xd000 irq 14
[    3.980340] ata2: PATA max UDMA/33 cmd 0x170 ctl 0x376 bmdma 0xd008 irq 15
[    3.983388] libphy: Fixed MDIO Bus: probed
[    3.984995] tun: Universal TUN/TAP device driver, 1.6
[    3.986843] tun: (C) 1999-2004 Max Krasnyansky <maxk@qualcomm.com>
[    3.993274] PPP generic driver version 2.4.2
[    3.995461] ehci_hcd: USB 2.0 'Enhanced' Host Controller (EHCI) Driver
[    3.997474] ehci-pci: EHCI PCI platform driver
[    3.999014] ehci-platform: EHCI generic platform driver
[    4.000889] ohci_hcd: USB 1.1 'Open' Host Controller (OHCI) Driver
[    4.002997] ohci-pci: OHCI PCI platform driver
[    4.005743] ohci-platform: OHCI generic platform driver
[    4.007644] uhci_hcd: USB Universal Host Controller Interface driver
[    4.012374] i8042: PNP: PS/2 Controller [PNP0303:PS2K,PNP0f03:PS2M] at 0x60,0x64 irq 1,12
[    4.016024] serio: i8042 KBD port at 0x60,0x64 irq 1
[    4.020858] serio: i8042 AUX port at 0x60,0x64 irq 12
[    4.022847] mousedev: PS/2 mouse device common for all mice
[    4.025477] rtc_cmos rtc_cmos: rtc core: registered rtc_cmos as rtc0
[    4.037685] rtc_cmos rtc_cmos: alarms up to one day, 114 bytes nvram
[    4.092676] i2c /dev entries driver
[    4.097175] input: AT Translated Set 2 keyboard as /devices/platform/i8042/serio0/input/input2
[    4.122158] device-mapper: uevent: version 1.0.3
[    4.127112] device-mapper: ioctl: 4.34.0-ioctl (2015-10-28) initialised: dm-devel@redhat.com
[    4.140122] ledtrig-cpu: registered to indicate activity on CPUs
[    4.154424] NET: Registered protocol family 10
[    4.169317] NET: Registered protocol family 17
[    4.172068] Key type dns_resolver registered
[    4.179720] registered taskstats version 1
[    4.185009] Loading compiled-in X.509 certificates
[    4.197753] Loaded X.509 cert 'Build time autogenerated kernel key: 20acc96b50ca7641011eace69d32209215a9b56f'
[    4.212689] zswap: loaded using pool lzo/zbud
[    4.229097] Key type trusted registered
[    4.248683] Key type encrypted registered
[    4.254965] AppArmor: AppArmor sha1 policy hashing enabled
[    4.265259] ima: No TPM chip found, activating TPM-bypass!
[    4.271782] ima: Allocated hash algorithm: sha1
[    4.275060] evm: HMAC attrs: 0x1
[    4.276928]   Magic number: 10:508:140
[    4.279001] rtc_cmos rtc_cmos: setting system clock to 2018-11-20 18:06:09 UTC (1542737169)
[    4.289528] BIOS EDD facility v0.16 2004-Jun-25, 0 devices found
[    4.297300] EDD information not available.
[    4.300805] Freeing unused kernel memory: 1528K
[    4.312171] Write protecting the kernel read-only data: 14336k
[    4.326619] Freeing unused kernel memory: 1672K
[    4.334441] Freeing unused kernel memory: 92K
Loading, please wait...
starting version 229
[    4.354468] random: systemd-udevd: uninitialized urandom read (16 bytes read, 5 bits of entropy available)
[    4.354517] random: udevadm: uninitialized urandom read (16 bytes read, 5 bits of entropy available)
[    4.354536] random: udevadm: uninitialized urandom read (16 bytes read, 5 bits of entropy available)
[    4.364867] random: udevadm: uninitialized urandom read (16 bytes read, 5 bits of entropy available)
[    4.364911] random: udevadm: uninitialized urandom read (16 bytes read, 5 bits of entropy available)
[    4.365045] random: udevadm: uninitialized urandom read (16 bytes read, 5 bits of entropy available)
[    4.365093] random: udevadm: uninitialized urandom read (16 bytes read, 5 bits of entropy available)
[    4.365140] random: udevadm: uninitialized urandom read (16 bytes read, 5 bits of entropy available)
[    4.365190] random: udevadm: uninitialized urandom read (16 bytes read, 5 bits of entropy available)
[    4.365237] random: udevadm: uninitialized urandom read (16 bytes read, 5 bits of entropy available)
[    4.453735] tsc: Refined TSC clocksource calibration: 1799.941 MHz
[    4.455955] clocksource: tsc: mask: 0xffffffffffffffff max_cycles: 0x19f1f1f1219, max_idle_ns: 440795289249 ns
[    4.500983] Fusion MPT base driver 3.04.20
[    4.503085] Copyright (c) 1999-2008 LSI Corporation
[    4.522516] e1000: Intel(R) PRO/1000 Network Driver - version 7.3.21-k8-NAPI
[    4.525358] e1000: Copyright (c) 1999-2006 Intel Corporation.
[    4.561342] Fusion MPT SPI Host driver 3.04.20
[    4.581276] AVX2 version of gcm_enc/dec engaged.
[    4.610066] AES CTR mode by8 optimization enabled
[    4.764578] input: ImExPS/2 Generic Explorer Mouse as /devices/platform/i8042/serio1/input/input4
[    5.016370] e1000 0000:00:03.0 eth0: (PCI:33MHz:32-bit) 02:28:89:27:00:51
[    5.486944] e1000 0000:00:03.0 eth0: Intel(R) PRO/1000 Network Connection
[    6.001424] e1000 0000:00:08.0 eth1: (PCI:33MHz:32-bit) 08:00:27:c8:a5:af
[    6.530173] e1000 0000:00:08.0 eth1: Intel(R) PRO/1000 Network Connection
[    6.541542] mptbase: ioc0: Initiating bringup
[    6.542233] e1000 0000:00:08.0 enp0s8: renamed from eth1
[    6.576546] e1000 0000:00:03.0 enp0s3: renamed from eth0
[    6.632641] ioc0: LSI53C1030 A0: Capabilities={Initiator}
[    6.814391] scsi host2: ioc0: LSI53C1030 A0, FwRev=00000000h, Ports=1, MaxQ=256, IRQ=20
[    6.930056] scsi 2:0:0:0: Direct-Access     VBOX     HARDDISK         1.0  PQ: 0 ANSI: 5
[    6.963529] scsi target2:0:0: Beginning Domain Validation
[    6.974366] scsi target2:0:0: Domain Validation skipping write tests
[    6.984944] scsi target2:0:0: Ending Domain Validation
[    6.993664] scsi target2:0:0: asynchronous
[    7.016513] scsi 2:0:1:0: Direct-Access     VBOX     HARDDISK         1.0  PQ: 0 ANSI: 5
[    7.464237] scsi target2:0:1: Beginning Domain Validation
[    7.468122] scsi target2:0:1: Domain Validation skipping write tests
[    7.470772] scsi target2:0:1: Ending Domain Validation
[    7.472504] scsi target2:0:1: asynchronous
[    7.482701] sd 2:0:0:0: [sda] 20971520 512-byte logical blocks: (10.7 GB/10.0 GiB)
[    7.485653] sd 2:0:0:0: Attached scsi generic sg0 type 0
[    7.488668] sd 2:0:1:0: [sdb] 20480 512-byte logical blocks: (10.5 MB/10.0 MiB)
[    7.491346] sd 2:0:0:0: [sda] Write Protect is off
[    7.491426] sd 2:0:1:0: [sdb] Write Protect is off
[    7.491568] sd 2:0:1:0: [sdb] Incomplete mode parameter data
[    7.491569] sd 2:0:1:0: [sdb] Assuming drive cache: write through
[    7.491775] sd 2:0:1:0: Attached scsi generic sg1 type 0
[    7.531013] sd 2:0:1:0: [sdb] Attached SCSI disk
[    7.604870] sd 2:0:0:0: [sda] Incomplete mode parameter data
[    7.622314] sd 2:0:0:0: [sda] Assuming drive cache: write through
[    7.648040]  sda: sda1
[    7.650377] sd 2:0:0:0: [sda] Attached SCSI disk
Begin: Loading essential drivers ... [    9.110103] md: linear personality registered for level -1
[    9.135461] md: multipath personality registered for level -4
[    9.148416] md: raid0 personality registered for level 0
[    9.173124] md: raid1 personality registered for level 1
[    9.259930] raid6: sse2x1   gen()  7990 MB/s
[    9.336149] raid6: sse2x1   xor()  5790 MB/s
[    9.404036] raid6: sse2x2   gen() 10180 MB/s
[    9.472154] raid6: sse2x2   xor()  6841 MB/s
[    9.544235] raid6: sse2x4   gen() 11990 MB/s
[    9.620111] raid6: sse2x4   xor()  8594 MB/s
[    9.688112] raid6: avx2x1   gen() 16533 MB/s
[    9.756087] raid6: avx2x2   gen() 18757 MB/s
[    9.832132] raid6: avx2x4   gen() 21901 MB/s
[    9.837852] raid6: using algorithm avx2x4 gen() 21901 MB/s
[    9.840089] raid6: using avx2x2 recovery algorithm
[    9.862666] xor: automatically using best checksumming function:
[    9.910555]    avx       : 58296.000 MB/sec
[    9.922664] async_tx: api initialized (async)
[    9.932623] md: raid6 personality registered for level 6
[    9.935122] md: raid5 personality registered for level 5
[    9.968724] md: raid4 personality registered for level 4
[    9.997435] md: raid10 personality registered for level 10
done.
Begin: Running /scripts/init-premount ... done.
Begin: Mounting root file system ... Begin: Running /scripts/local-top ... done.
Begin: Running /scripts/local-premount ... [   10.080001] Btrfs loaded
Scanning for Btrfs filesystems
done.
Warning: fsck not present, so sk[   10.149663] EXT4-fs (sda1): mounted filesystem with ordered data mode. Opts: (null)
ipping root file system
done.
Begin: Running /scripts/local-bottom ... done.
Begin: Running /scripts/init-bottom ... done.
[   10.425883] systemd[1]: systemd 229 running in system mode. (+PAM +AUDIT +SELINUX +IMA +APPARMOR +SMACK +SYSVINIT +UTMP +LIBCRYPTSETUP +GCRYPT +GNUTLS +ACL +XZ -LZ4 +SECCOMP +BLKID +ELFUTILS +KMOD -IDN)
[   10.458374] systemd[1]: Detected virtualization oracle.
[   10.465607] systemd[1]: Detected architecture x86-64.

Welcome to [1mUbuntu 16.04.5 LTS[0m!

[   10.485080] systemd[1]: Set hostname to <ubuntu>.
[   10.497603] systemd[1]: Initializing machine ID from random generator.
[   10.501831] systemd[1]: Installed transient /etc/machine-id file.
[   10.904189] systemd[1]: Reached target User and Group Name Lookups.
[[0;32m  OK  [0m] Reached target User and Group Name Lookups.
[   10.921284] systemd[1]: Reached target Swap.
[[0;32m  OK  [0m] Reached target Swap.
[  10.945604] systemd[1]:Started Forward Password Requests to Wall Directory Watch.

[[0;32m  OK  [0m] Started Forward Password Requests to Wall Directory Watch.
[   11.037714] systemd[1]: Lisening n /dev/initctl Compatibility Named Pipe.

[[0;32m  OK  [0m] Listening on /dev/initctl Compatibility Named Pipe.
[   11.098206] systemd[1]: Started Trigger resolvconf update for networkd DNS.
[[0;32m  OK  [0m] Started Trigger resolvconf update for networkd DNS.
[   11.152541] systemd[1]: Created slice System Slice.
[[0;32m  OK  [0m] Created slice System Slice.
[   11.167274] systemd[1]: Listening on udev Control Socket.
[[0;32m  OK  [0m] Listening on udev Control Socket.
[   11.186234] systemd[1]: Created slice system-serial\x2dgetty.slice.
[[0;32m  OK  [0m] Created slice system-serial\x2dgetty.slice.
[   11.212899] systemd[1]: Listening on Journal Audit Soet.
[[0;32m  OK  [0m] Listening on Journal Audit Socket.
[  11.332664] systemd[1] Reached target Encryted Volume.

[[0;32m  OK  [0m] Reached target Encrypted Volumes.
[   11.454317] systemd[1]: Listening on Journl Soket.

[[0;32m  OK  [0m] Listening on Journal Socket.
[   11.540390] systemd[1]: Mounting POSIX Message Queue File System...
         Mounting POSIX Message Queue File System...
[   11.592233] systemd[1]: Starting Load Kernel Modules...
         Starting Load Kernel Modules...
[   11.612059] systemd[1]: Starting Nameserver information manager...
[   11.614780] Loading iSCSI transport class v2.0-870.
         Starting Nameserver information manager...
[   11.637819] systemd[1]: Starting Create list of required static device nodes for the current kernel...
[   11.656897] random: nonblocking pool is initialized
         [   11.671508] iscsi: registered transport (tcp)
Starting Create list of required st... nodes for the current kernel...
[   11.676693] systemd[1]: Mounting Huge Pages File System...
         Mounting Huge Pages File System...
[   11.724976] systemd[1]: Listening on LVM2 poll daemon socket.
[[0;32m  OK  [0m] Listening on [   11.733823] iscsi: registered transport (iser)
LVM2 poll daemon socket.
[   11.775812] systemd[1]: Reached target System Time Synchronized.
[[0;32m  OK  [0m] Reached target System Time Synchronized.
[  11.81277] systmd[1] Set up automout Arbitrary Executable File Formats File SystemAutomount Point.
[[0;32m  OK  [0m] Set up automount Arbitrary Executab...ats File System Automount Point.
[  12.054400] systemd[1]: Listening on LVM2 metadata daemon socket.
[[0;32m  OK  [0m] Listening on LVM2 metadata daemon socket.
[  12.47667] systemd[1] Listening on Syslog Socket.
[[0;32m  OK  [0m] Listening on Syslog Socket.
[   12.592334] systemd[1]: Starting Remount Root and Kernel File Systems...
         Starting Remount Root and Kernel File Systems...[   12.613249] EXT4-fs (sda1): re-mounted. Opts: (null)

[   12.624852] systemd[1]: Listening on udev Kernel Socket.
[[0;32m  OK  [0m] Listening on udev Kernel Socket.
[   12.664234] systemd[1]: Starting Set console keymap...
         Starting Set console keymap...
[   12.684380] systemd[1]: Listening on Device-mapper event daemon FIFOs.
[[0;32m  OK  [0m] Listening on Device-mapper event daemon FIFOs.
[   12.724364] systemd[1]: Starting Monitoring of LVM2 mirrors, snapshots etc. using dmeventd or progress polling...
         Starting Monitoring of LVM2 mirrors... dmeventd or progress polling...
[   12.754717] systemd[1]: Starting Uncomplicated firewall...
         Starting Uncomplicated firewall...
[   12.767602] systemd[1]: Created slice User and Session Slice.
[[0;32m  OK  [0m] Created slice User and Session Slice.
[   12.787610] systemd[1]: Reached target Slices.
[[0;32m  OK  [0m] Reached target Slices.
[   12.809155] systemd[1]: Listening on Journal Socket (/dev/log).
[[0;32m  OK  [0m] Listening on Journal Socket (/dev/log).
[   12.848459] systemd[1]: Starting Journal Service...
         Starting Journal Service...
[   12.856127] systemd[1]: Mounting Debug File System...
         Mounting Debug File System...
[   12.897612] systemd[1]: Mounted Debug File System.
[[0;32m  OK  [0m] Mounted Debug File System.
[   12.915797] systemd[1]: Mounted POSIX Message Queue File System.
[[0;32m  OK  [0m] Mounted POSIX Message Queue File System.
[   12.931642] systemd[1]: Mounted Huge Pages File System.
[[0;32m  OK  [0m] Mounted Huge Pages File System.
[   12.944519] systemd[1]: Started Journal Service.
[[0;32m  OK  [0m] Started Journal Service.
[[0;32m  OK  [0m] Started Load Kernel Modules.
[[0;32m  OK  [0m] Started Create list of required sta...ce nodes for the current kernel.
[[0;32m  OK  [0m] Started Remount Root and Kernel File Systems.
[[0;32m  OK  [0m] Started Set console keymap.
[[0;32m  OK  [0m] Started Uncomplicated firewall.
[[0;32m  OK  [0m] Started Nameserver information manager.
[[0;32m  OK  [0m] Started LVM2 metadata daemon.
         Starting udev Coldplug all Devices...
         Starting Load/Save Random Seed...
         Starting Create Static Device Nodes in /dev...
         Starting Apply Kernel Variables...
         Mounting FUSE Control File System...
         Starting Flush Journal to Persistent Storage...
[[0;32m  OK  [0m] Mounted FUSE Control File System.
[[0;32m  OK  [0m] Started Load/Save Random Seed.
[[0;32m  OK  [0m] Started Apply Kernel Variables.
[[0;32m  OK  [0m] Started Create Static Device Nodes in /dev.
[[0;32m  OK  [0m] Started Flush Journal to Persistent Storage.
[[0;32m  OK  [0m] Started udev Coldplug all Devices.
[[0;32m  OK  [0m] Started Monitoring of LVM2 mirrors,...ng dmeventd or progress polling.
         Starting udev Kernel Device Manager...
[[0;32m  OK  [0m] Started udev Kernel Device Manager.
[[0;32m  OK  [0m] Started Dispatch Password Requests to Console Directory Watch.
[[0;32m  OK  [0m] Reached target Local File Systems (Pre).
[[0;32m  OK  [0m] Reached target Local File Systems.
         Starting Commit a transient machine-id on disk...
         Starting Initial cloud-init job (pre-networking)...
         Starting Create Volatile Files and Directories...
         Starting LSB: AppArmor initialization...
         Starting Tell Plymouth To Write Out Runtime Data...
         Starting Set console font and keymap...
[[0;32m  OK  [0m] Started Commit a transient machine-id on disk.
[[0;32m  OK  [0m] Started Create Volatile Files and Directories.
[[0;32m  OK  [0m] Started Tell Plymouth To Write Out Runtime Data.
         Starting Update UTMP about System Boot/Shutdown...
[[0;32m  OK  [0m] Started Update UTMP about System Boot/Shutdown.
[[0;32m  OK  [0m] Found device /dev/ttyS0.
[[0;32m  OK  [0m] Listening on Load/Save RF Kill Switch Status /dev/rfkill Watch.
[   13.496677] cloud-init[478]: Cloud-init v. 18.3-9-g2e62cb8a-0ubuntu1~16.04.2 running 'init-local' at Tue, 20 Nov 2018 18:06:20 +0000. Up 13.02 seconds.
[[0;32m  OK  [0m] Started LSB: AppArmor initialization.
[[0;32m  OK  [0m] Started Set console font and keymap.
[[0;32m  OK  [0m] Started Initial cloud-init job (pre-networking).
[[0;32m  OK  [0m] Reached target Network (Pre).
[[0;32m  OK  [0m] Created slice system-getty.slice.
         Starting Raise network interfaces...
[[0;32m  OK  [0m] Started Raise network interfaces.
         Starting Initial cloud-init job (metadata service crawler)...
[[0;32m  OK  [0m] Reached target Network.
[   15.331176] cloud-init[931]: Cloud-init v. 18.3-9-g2e62cb8a-0ubuntu1~16.04.2 running 'init' at Tue, 20 Nov 2018 18:06:21 +0000. Up 14.45 seconds.
[   15.346082] cloud-init[931]: ci-info: +++++++++++++++++++++++++++++++++++++Net device info++++++++++++++++++++++++++++++++++++++
[   15.410903] cloud-init[931]: ci-info: +--------+-------+--------------------------+---------------+--------+-------------------+
[   15.440608] cloud-init[[931]: [0;32m  OK  [0mci-info: | Device |   Up  |         Address          |      Mask     | Scope  |     Hw-Address    |] 
Started Initial cloud-init job (metadata service crawler).
[   15.443147] cloud-init[931]: ci-info: +--------+-------+--------------------------+---------------+--------+-------------------+
[[0;32m  OK  [0m] Reached target System Initialization.
[[0;32m  OK  [0m] Listening on UUID daemon activation socket.
[   15.492580]          Starting LXD - unix socket.
cloud-init[931]: ci-info: | enp0s3 |  True |        10.0.2.15         | 255.255.255.0 | global | 02:28:89:27:00:51 |
[   15.533359] [cloud-init[0;32m  OK  [0m[931]: ] ci-info: | enp0s3 |  True | fe80::28:89ff:fe27:51/64 |       .       |  link  | 02:28:89:27:00:51 |Started ACPI Events Check.

[[0;32m  OK  [0m] Reached target Paths.
         Starting Socket activation for snappy daemon.
[   15.590800] cloud-init[931]: ci-info: | enp0s8 | False |            .             |       .       |   .    | 08:00:27:c8:a5:af |
[   15.657084] [[0;32m  OK  [0m] Listening on ACPID Listen Socket.
[cloud-init[931]: ci-info: |   lo   |  True |        127.0.0.1         |   255.0.0.0   |  host  |         .         |
[0;32m  OK  [0m] Listening on D-Bus System Message Bus Socket.
[[0;32m  OK  [0m] Started Daily Cleanup of Temporary Directories.
[[0;32m  OK  [0m] Started Daily apt download activities.
[[0;32m  OK  [0m] Started Daily apt upgrade and clean activities.
[   15.660950] cloud-init[931]: ci-info: |   lo   |  True |         ::1/128          |       .       |  host  |         .         |
[[0;32m  OK  [0m] Reached target Timers.
[   15.747939] cloud-init[931]: ci-info: +--------+-------+--------------------------+---------------+--------+-------------------+
[[0;32m  OK  [0m] Reached target Network is Online.
[   15.774807] cloud-init[931]: ci-info: +++++++++++++++++++++++++++Route IPv4 info++++++++++++++++++++++++++++
[   15.835424] cloud-init[931]: ci-info: +-------+-------------+----------+---------------+-----------+-------+         Starting iSCSI initiator daemon (iscsid)...
[[0;32m  OK  [0m] Reached target Cloud-config availability.
[[0;32m  OK  [0m] Listening on LXD - unix socket.

[   15.872882] [[0;32m  OK  [0m] Listening on Socket activation for snappy daemon.
cloud-init[931]: ci-info: | Route | Destination | Gateway  |    Genmask    | Interface | Flags |
[   15.936786] cloud-init[931]: ci-info: +-------+-------------+----------+---------------+-----------+-------+
[   15.948242] [[0;32m  OK  [0m] Reached target Sockets.
[[0;32m  OK  [0m] Reached target Basic System.
cloud-init[931]: ci-info: |   0   |   0.0.0.0   | 10.0.2.2 |    0.0.0.0    |   enp0s3  |   UG  |
[   15.968217] [cloud-init[0;32m  OK  [0m[931]: ] ci-info: |   1   |   10.0.2.0  | 0.0.0.0  | 255.255.255.0 |   enp0s3  |   U   |Started ACPI event daemon.

[   15.969765] cloud-init[931]: ci-info: +-------+-------------+----------+---------------+-----------+-------+
[   16.016655] cloud-init[931]: ci-info: +++++++++++++++++++Route IPv6 info+++++++++++++++++++
         [   16.048769] cloud-init[931]: ci-info: +-------+-------------+---------+-----------+-------+Starting Login Service...

[   16.063016]          Starting LXD - container startup/shutdown...
cloud-init[931]: ci-info: | Route | Destination | Gateway | Interface | Flags |
[   16.116663] cloud-init[931]: ci-info: +-------+-------------+---------+-----------+-------+
[   16.117644] cloud-init[931]: ci-info: |   0   |  fe80::/64  |    ::   |   enp0s3  |   U   |
[   16.118246] cloud-init[931]: ci-info: |   3   |   ff00::/8  |    ::   |   enp0s3  |   U   |
[   16.118344] cloud-init[931]: ci-info: +-------+-------------+---------+-----------+-------+
[   16.118458] cloud-init[931]: Generating public/private rsa key pair.
[   16.118497] cloud-init[931]: Your identification has been saved in /etc/ssh/ssh_host_rsa_key.
[   16.118658] cloud-init[931]: Your public key has been saved in /etc/ssh/ssh_host_rsa_key.pub.
[   16.118799] cloud-init[931]: The key fingerprint is:
[   16.119148] cloud-init[931]: SHA256:I+lFJicZM0uru5ES5rPdbLESLMarL+pM9skkaQcSud4 root@ubuntu-xenial
[   16.119230] cloud-init[931]: The key's randomart image is:
[   16.119274] cloud-init[931]: +---[RSA 2048]----+
[   16.119313] cloud-init[931]: |      =          |
[   16.119404] cloud-init[931]: | .   . B         |
[   16.119516] cloud-init[931]: |o     * +        |
[   16.119560] cloud-init[931]: | o   . B         |
[   16.119605] cloud-init[931]: |ooo.. o S        |
[   16.119641] cloud-init[931]: |ooB.o+.o .       |
         Starting Virtualbox guest utils...
[   16.121176] cloud-init[931]: | O+E+..o         |
[   16.447471] cloud-init[931]: |* B=o=o          |
[   16.453926] cloud-init[931]: |=*o+ooo          |
[   16.463248] cloud-init[931]: +----[SHA256]-----+
[   16.464159] cloud-init[931]: Generating public/private dsa key pair.
[   16.466615] [[0;32m  OK  [0m] Started D-Bus System Message Bus.
cloud-init[931]: Your identification has been saved in /etc/ssh/ssh_host_dsa_key.
[   16.506073] cloud-init[931]: Your public key has been saved in /etc/ssh/ssh_host_dsa_key.pub.
[   16.514357] cloud-init[931]: The key fingerprint is:
[   16.518100] cloud-init[931]: SHA256:/Np89ipZRl5f4pWpAAzJVzOW2EBbRo8TUtV1cFNBlI4 root@ubuntu-xenial
[   16.540667] cloud-init[931]: The key's randomart image is:
[   16.552635] cloud-init[931]: +---[DSA 1024]----+
[   16.557766] cloud-init[931]: |      ..=+B@o.=*X|
[   16.565253] cloud-init[931]: |       o =*o*  +o|
[   16.569669] cloud-init[931]: |        ...o .o o|
[   16.576811] cloud-init[931]: |       .   .oEo+o|
         Starting LSB: MD monitoring daemon...
[   16.577703] cloud-init[931]: |        S  o.o.+.|
[   16.608746] cloud-init[931]: |         .  +.. .|
[   16.609565] cloud-init[931]: |          .+     |
         Starting /etc/rc.local Compatibility...
[   16.610312] cloud-init[931]: |         +o o    |
[   16.673529] cloud-init[931]: |        . o+.o.  |
[   16.676412] cloud-init[931]: +----[SHA256]-----+
[   16.685623] cloud-init[931]: Generating public/private ecdsa key pair.
[   16.690058] cloud-init[931]: Your identification has been saved in /etc/ssh/ssh_host_ecdsa_key.
[   16.700628] cloud-init[931]: Your public key has been saved in /etc/ssh/ssh_host_ecdsa_key.pub.
         Starting LSB: Record successful boot for GRUB...[   16.701405] 
[[0;32m  OK  [0m] Started Unattended Upgrades Shutdown.
cloud-init[931]: The key fingerprint is:
         Starting Accounts Service...
[   16.737122] cloud-init[931]: SHA256:imXOgDC13k1oc1GbI7Ubw5r0D9h6zyMCBHIVfIf+TU4 root@ubuntu-xenial
[   16.769006] cloud-init[931]: The key's randomart image is:
[   16.769767] cloud-init[931]: +---[ECDSA 256]---+
[   16.772714] cloud-init[931]: |  .oo..oo        |
[   16.774131] cloud-init[931]: |..o...o+.+       |
[   16.774390] cloud-init[931]: |oo..+o=.O        |
[   16.774493] cloud-init[931]: | + +.*.B =E      |
[   16.774561] cloud-init[931]: |  o.o B.S=       |
[   16.774628] cloud-init[931]: |    .B o.oo      |
[   16.774691] cloud-init[931]: |    ..= . .      |
[   16.774770] cloud-init[931]: |      ...o.      |
[   16.774837] cloud-init[931]: |       . .o.     |
[   16.774900] cloud-init[931]: +----[SHA256]-----+
[   16.775090] cloud-init[931]: Generating public/private ed25519 key pair.
[   16.775226] cloud-init[931]: Your identification has been saved in /etc/ssh/ssh_host_ed25519_key.
[   16.775298] cloud-init[931]: Your public key has been saved in /etc/ssh/ssh_host_ed25519_key.pub.
[   16.775364] cloud-init[931]: The key fingerprint is:
[   16.775430] cloud-init[931]: SHA256:8CyjKoTkDAcIyBM8LtMiweSMNyyPE/tkyKDZYmhUOfQ root@ubuntu-xenial
[   16.775568] cloud-init[931]: The key's randomart image is:
[   16.775639] cloud-init[931]: +--[ED25519 256]--+
         Starting Snappy daemon...
[   16.776506] cloud-init[931]: |Xooo.            |
[[0;32m  OK  [0m] Started FUSE filesystem for LXC.
[   17.039621] cloud-init[931]: |OB.o.            |
         Starting System Logging Service...
[   17.075491] cloud-init[931]: |*B* .E.          |
[   17.123817] [cloud-init[0;32m  OK  [0m[931]: ] |%&o.   +         |Started Regular background program processing daemon.

[   17.125710] cloud-init[931]: |^B=   o S        |
[   17.208317] cloud-init[931]: |+X   . o         |
[   17.216396] [[0;32m  OK  [0m] Started Deferred execution scheduler.
cloud-init[931]: |. . .            |
[   17.241995]          cloud-initStarting Pollinate to seed the pseudo random number generator...[931]: 
|.  .             |
[   17.262061] cloud-init[931]: | ..              |
[   17.263494] cloud-init[931]: +----[SHA256]-----+
[[0;32m  OK  [0m] Started Snappy daemon.
[[0;32m  OK  [0m] Started System Logging Service.
[[0;32m  OK  [0m] Started iSCSI initiator daemon (iscsid).
[[0;32m  OK  [0m] Started LXD - container startup/shutdown.
[[0;32m  OK  [0m] Started /etc/rc.local Compatibility.
         Starting Authenticate and Authorize Users to Run Privileged Tasks...
         Starting Login to default iSCSI targets...
         Starting Wait until snapd is fully seeded...
[[0;32m  OK  [0m] Started LSB: Record successful boot for GRUB.
[[0;32m  OK  [0m] Started LSB: MD monitoring daemon.
[[0;32m  OK  [0m] Started Login Service.
[[0;32m  OK  [0m] Started Authenticate and Authorize Users to Run Privileged Tasks.
[[0;32m  OK  [0m] Started Accounts Service.
[[0;32m  OK  [0m] Started Pollinate to seed the pseudo random number generator.
[[0;32m  OK  [0m] Started Virtualbox guest utils.
[[0;32m  OK  [0m] Started Login to default iSCSI targets.
[[0;32m  OK  [0m] Reached target Remote File Systems (Pre).
[[0;32m  OK  [0m] Reached target Remote File Systems.
         Starting Permit User Sessions...
         Starting LSB: daemon to balance interrupts for SMP systems...
         Starting LSB: Set the CPU Frequency Scaling governor to "ondemand"...
         Starting LSB: automatic crash report generation...
         Starting OpenBSD Secure Shell server...
[[0;32m  OK  [0m] Started Permit User Sessions.
[[0;32m  OK  [0m] Started OpenBSD Secure Shell server.
[[0;32m  OK  [0m] Started LSB: Set the CPU Frequency Scaling governor to "ondemand".
         Starting Hold until boot process finishes up...
         Starting Terminate Plymouth Boot Screen...
[[0;32m  OK  [0m] Started LSB: daemon to balance interrupts for SMP systems.
[[0;32m  OK  [0m] Started Hold until boot process finishes up.
[[0;32m  OK  [0m] Started Terminate Plymouth Boot Screen.
[[0;32m  OK  [0m] Started LSB: automatic crash report generation.
[[0;32m  OK  [0m] Created slice User Slice of vagrant.
[[0;32m  OK  [0m] Started Session 1 of user vagrant.
         Starting User Manager for UID 1000...
         Starting Set console scheme...
[[0;32m  OK  [0m] Started Getty on tty1.
[[0;32m  OK  [0m] Started Serial Getty on ttyS0.
[[0;32m  OK  [0m] Reached target Login Prompts.
[[0;32m  OK  [0m] Started User Manager for UID 1000.
[[0;32m  OK  [0m] Started Set console scheme.
[[0;32m  OK  [0m] Started Wait until snapd is fully seeded.
         Starting Apply the settings specified in cloud-config...
[[0;32m  OK  [0m] Reached target Multi-User System.
[[0;32m  OK  [0m] Reached target Graphical Interface.
         Starting Update UTMP about System Runlevel Changes...
[[0;32m  OK  [0m] Started Update UTMP about System Runlevel Changes.
[   19.874152] cloud-init[1321]: Generating locales (this might take a while)...
         Stopping User Manager for UID 1000...
[[0;32m  OK  [0m] Stopped User Manager for UID 1000.
[[0;32m  OK  [0m] Removed slice User Slice of vagrant.
[[0;32m  OK  [0m] Created slice User Slice of vagrant.
         Starting User Manager for UID 1000...
[[0;32m  OK  [0m] Started Session 2 of user vagrant.
[   21.182019] cloud-init[1321]:   en_US.UTF-8... done
[[0;32m  OK  [0m] Started User Manager for UID 1000.
[   21.195571] cloud-init[1321]: Generation complete.
[   21.786524] cloud-init[1321]: Cloud-init v. 18.3-9-g2e62cb8a-0ubuntu1~16.04.2 running 'modules:config' at Tue, 20 Nov 2018 18:06:26 +0000. Up 19.67 seconds.
[[0;32m  OK  [0m] Started Apply the settings specified in cloud-config.
         Starting Execute cloud user/final scripts...
ci-info: no authorized ssh keys fingerprints found for user ubuntu.
<14>Nov 20 18:06:29 ec2: 
<14>Nov 20 18:06:29 ec2: #############################################################
<14>Nov 20 18:06:29 ec2: -----BEGIN SSH HOST KEY FINGERPRINTS-----
<14>Nov 20 18:06:29 ec2: 1024 SHA256:/Np89ipZRl5f4pWpAAzJVzOW2EBbRo8TUtV1cFNBlI4 root@ubuntu-xenial (DSA)
<14>Nov 20 18:06:29 ec2: 256 SHA256:imXOgDC13k1oc1GbI7Ubw5r0D9h6zyMCBHIVfIf+TU4 root@ubuntu-xenial (ECDSA)
<14>Nov 20 18:06:29 ec2: 256 SHA256:8CyjKoTkDAcIyBM8LtMiweSMNyyPE/tkyKDZYmhUOfQ root@ubuntu-xenial (ED25519)
<14>Nov 20 18:06:29 ec2: 2048 SHA256:I+lFJicZM0uru5ES5rPdbLESLMarL+pM9skkaQcSud4 root@ubuntu-xenial (RSA)
<14>Nov 20 18:06:29 ec2: -----END SSH HOST KEY FINGERPRINTS-----
<14>Nov 20 18:06:29 ec2: #############################################################
-----BEGIN SSH HOST KEY KEYS-----
ecdsa-sha2-nistp256 AAAAE2VjZHNhLXNoYTItbmlzdHAyNTYAAAAIbmlzdHAyNTYAAABBBPl6pjCzVa8egCxyKEu2n/3CPF6WbBhBXJs32Ed1y0JFbEK6wf4gKBomf4ajoX3dWFVgUY5rofv+oGO3GAtwVeI= root@ubuntu-xenial
ssh-ed25519 AAAAC3NzaC1lZDI1NTE5AAAAIGF0/jz9kH5dxpqLiFKjnOgCHmsucxDCgFr9J0tzzAfk root@ubuntu-xenial
ssh-rsa AAAAB3NzaC1yc2EAAAADAQABAAABAQC56t5xP2kx7S3pG3HWHyn7KuEb17pionHKyIQvWBgrKJoR6n+w7bLeQvFlIWYDfdugrWhJ2rm9xbQqoj+4c+c7Ap7T9cJNeNBpqW0EexsmfdlDJpwxmHIYe8ftaBIP29169WWjq2lZt4aQBcWInSXxftIA1wYXnxNZwReX6yMLr2Jvp6TCdtAf56rOixn+GsYT8gM2WePFtDeeOyqRSN64C3QKc5ihZR+ozYRj2/orhZqfPzA1Dy0RN5+u/Aky3Y+cyTyQIaOwQHIivlCrR6bjIPD4ovqFRawIW3GP4lDS0NsARSLSvY+OXBucS5K81A7Wo4ns0ObEwzV/r6bxqeAX root@ubuntu-xenial
-----END SSH HOST KEY KEYS-----
[   22.714963] cloud-init[1536]: Cloud-init v. 18.3-9-g2e62cb8a-0ubuntu1~16.04.2 running 'modules:final' at Tue, 20 Nov 2018 18:06:29 +0000. Up 22.17 seconds.
[   22.765222] cloud-init[1536]: ci-info: no authorized ssh keys fingerprints found for user ubuntu.
[   22.778488] cloud-init[1536]: Cloud-init v. 18.3-9-g2e62cb8a-0ubuntu1~16.04.2 finished at Tue, 20 Nov 2018 18:06:29 +0000. Datasource DataSourceNoCloud [seed=/dev/sdb][dsmode=net].  Up 22.70 seconds
[[0;32m  OK  [0m] Started Execute cloud user/final scripts.
[[0;32m  OK  [0m] Reached target Cloud-init target.

Ubuntu 16.04.5 LTS ubuntu-xenial ttyS0

ubuntu-xenial login: 