[    0.000000] Initializing cgroup subsys cpuset
[    0.000000] Initializing cgroup subsys cpu
[    0.000000] Initializing cgroup subsys cpuacct
[    .000000] Linux version 4.4.0-137-generic (buildd@lgw0-amd64-037) (gcc versonn 5.4.0 2016009 (Ubutu 5..0-6ubuntu1~16.04.10) ) #163-Ubuntu SMP Mon Sep 24 13:14:43 UTC 2018 (Ubuntu 4.4.0-137.163-generic 4.4.144)
[    0.000000] Command line: BOOT_IMAGE=/boot/vmlinuz-4.4.0-137-generic root=LABEL=cloudimg-rootfs ro console=tty1 console=ttyS0
[    0.000000] KERNEL supported cpus:
[    0.000000]   Intel GenuineIntel
[    0.000000]   AMD AuthenticAMD
[    0.000000]   Centaur CentaurHauls
[    0.000000] x86/fpu: xstate_offset[2]:  576, xstate_sizes[2]:  256
[    0.000000] x86/fpu: Supporting XSAVE feature 0x01: 'x87 floating point registers'
[    0.000000] x86/fpu: Supporting XSAVE feature 0x02: 'SSE registers'
[    0.000000] x86/fpu: Supporting XSAVE feature 0x04: 'AVX registers'
[    0.000000] x86/fpu: Enabled xstate features 0x7, context size is 832 bytes, using 'standard' format.
[    0.000000] e820: BIOS-provided physical RAM map:
[    0.000000] BIOS-e820: [mem 0x0000000000000000-0x000000000009fbff] usable
[    0.000000] BIOS-e820: [mem 0x000000000009fc00-0x000000000009ffff] reserved
[    0.000000] BIOS-e820: [mem 0x00000000000f0000-0x00000000000fffff] reserved
[    0.000000] BIOS-e820: [mem 0x0000000000100000-0x000000003ffeffff] usable
[    0.000000] BIOS-e820: [mem 0x000000003fff0000-0x000000003fffffff] ACPI data
[    0.000000] BIOS-e820: [mem 0x00000000fec00000-0x00000000fec00fff] reserved
[    0.000000] BIOS-e820: [mem 0x00000000fee00000-0x00000000fee00fff] reserved
[    0.000000] BIOS-e820: [mem 0x00000000fffc0000-0x00000000ffffffff] reserved
[    0.00000] N (Execute Disable) protection: active
[    0.00000] SMBIOS 2.5 present.
[    0.000000] Hypervisor detected: KVM
[    0.000000] e820: last_pfn = 0x3fff0 max_arch_pfn = 0x400000000
[    0.000000] MTRR: Disabled
[    0.000000] x86/PAT: MTRRs disabled, skipping PAT initialization too.
[    0.000000] CPU MTRRs all blank - virtualized system.
[    0.000000] x86/PAT: Configuration [0-7]: WB  WT  UC- UC  WB  WT  UC- UC  
[    0.000000] found SMP MP-table at [mem 0x0009fff0-0x0009ffff] mapped at [ffff88000009fff0]
[    0.000000] Scanning 1 areas for low memory corrption
[    .000000] RAMDISK: [mem 0x3630e000-0x3717efff]
[    0.000000] ACPI: Early tabl cheksum verification disabled
[    0.00000] ACPI: RSDP 0x000000000E0000 000024 (v02 VBOX  )
[    0.00000] ACPI: XSDT 0x000000003FFF0030 00003C (v01 VBOX   VBOXXSD 00000001 ASL  00000061)
[    0.000000] ACPI:FACP 0x000000003FFF00F 0000F4 (v04 VBOX   VBOXFACP 00000001 ASL  00000061)
[    0.000000] ACPI: DSDT 0x000000003FFF0470 0021FF v02 VBOX   VBOXBIOS 000002 INTL 20100528)
[    0.000000] ACPI: FACS 0x000000003FFF0200 000040
[    0.000000] ACPI: FACS 0x000000003FFF0200 000040
[    0.00000] ACPI: APIC 0x000000003FFF0240 00005C (v02 VBOX   VBOXAPIC 00000001 ASL  00000061)
[   0.00000] ACPI: SSDT 0x000000003FFF02A0 0001CC (v01 VBOX   VBOXCPUT 00000002 INTL 20100528)
[    .000000] No NUMA configuration found
[    0.00000] Faking a node at [mem 0x0000000000000000-0x00000003ffeffff]
[    0.00000] NODE_DATA(0) allocated [mem 0x3ffeb000-0x3ffeffff]
[    0.000000] kvm-clock: Using msrs 4b564d01 and 4b564d00
[    0.000000] kvmclock: cpu 0 msr 0:3ffe3001, primary cpu clock
[    0.000000] kvm-clock: using sched offset of 3761966946 cycles
[    .000000] clocksource: kvm-clock: mask: 0xffffffffffffffff max_cycles: 0x1cd42e4dffb, max_idle_ns: 881590591483 ns
[    .000000] Zone range:
[    0.000000]   DMA      [mem 0x0000000000001000-0x0000000000ffffff]
[    .000000]   DMA32    [mem 0x0000000001000000-0x000000003ffeffff]
[    0.00000]   Nomal   empty
[    0.000000]   Device   empty
[    0.000000] Movble zone start for each node
[    0.000000] Early memory node ranges
[    0.000000]   node   0: [mem 0x0000000000001000-0x000000000009efff]
[    0.000000]   node   0: [mem 0x0000000000100000-0x0000003ffeffff]
[     0.000000] Inimem setup node 0 [mem 0x0000000000001000-0x000000003ffeffff]
[    0.000000] ACPI: PTime IO Port 0x4008
[    0.000000] IOAPIC[0]: apic_id 2, version 32, address 0xfec00000, GSI 0-23
[    0.000000] ACPI: INT_SRC_OVR (bus 0 bus_irq 0 global_irq 2 dfl dfl)
[    0.000000] ACPI: INT_SRC_OVR (bus 0 bus_irq 9 gloal_irq 9low evel
[    0.000000] Using ACPI (MADT) for SMP configuration iformtion
[    0.000000 ssmpboot: Allowing 2 CPs, 0 hotplug CPUs
[    0.000000] PM: Registered nosave memory: [mem 0x00000000-0x00000fff]
[   0.000000] PM: Registered nosave memory: [mem 0x0009f000-0x0009ffff]
[    0.000000] PM: Registered nosave mmory: [mem 0x000a0000-0x000effff]
[    0.000000] PM:Regitered nosave memry: [mem 0x000f0000-0x000fffff]
    .000000] e820: [mem 0x40000000-0xfebfffff] avilable for I devices
[    0.000000] ooting paravrtualized kernel on KVM
[   0.000000] locksource: refined-jiffies: mask: 0xffffffff max_cycles: 0xffffffff, max_idle_ns: 7645519600211568 ns
[    0.000000] setup_percpu: NR_CPUS:512 nr_cpumask_bits:512 nr_cpu_ids:2 nr_node_ids:1
[    0.000000] PERCPU: Embedded 34 pages/cpu @ffff88003fc00000 s99608 r8192 d31464 u1048576
[    0.000000] PV qspinlock hash table entries: 256 (order: 0, 4096 bytes)
[    0.000000] Built 1 zonelists in Node order, mobily grupping on.  Total pages: 257912
[   0.000000] Policy zone: DMA32
[    0.000000] Kernel command line: BOOT_IMAGE=/boot/vmlnuz-.4.0-137-generic root=ABEL=coudim-rootfs ro console=tty1 console=ttyS0
[    0.000000] PID hash table entries: 4096 (order: , 3268 btes)
[    0.000000] Memory: 997716K/1048120K available (8555K kernel code, 1314K rwdata, 4004K rodata, 1528K init, 1316K bss, 50404K reserved, 0K cma-reserved)
[    0.000000] LUB: HWalign=64, Order=0-3, MinObjects=0, CPUs=2, Nodes=1
[    0.000000] Kernel/User page table isolaton: enabled
[    0.000000] Hierarchical RCU imlemetatin.
[    0.000000] 	Build-time adjustment of leaf fanout to 64.
[    0.000000] 	RCU restricting CPUsfromNR_CUS=512 to nr_cpu_ids=2.
[    0.00000]RCU: Adjusting geometry for rcu_fanout_leaf=64, nrcpu_ids=2
[    0.000000] NR_IRQS:33024 nr_irqs:440 16
[    0.00000] Console: colour VGA+ 80x25
[    0.000000] cnsole [ty1] enabled
[    0.000000] console [ttyS0] enabled
[    0.000000] tsc: Detected 1799.999 MHz processor
[    1.957162] Calibrating delay loop (skipped) preset value.. 3599.99 BogoMIPS (lpj=7199996)
[    1.966192] pid_max: default: 32768 minimum: 301
[    1.968024] ACPI: Core revision 20150930
[    1.970648] ACPI: 2 ACPI AML tables successfully acquired and loaded
[    1.976651] Security Framework initialized
[    1.984541] Yama: becoming mindful.
[    1.992363] AppArmor: AppArmor initialized
[    2.001114] Dentry cache hash table entries: 131072 (order: 8, 1048576 bytes)
[    2.006221] Inode-cache hash table entries: 65536 (order: 7, 524288 bytes)
[    2.015189] Mount-cache hash table entries: 2048 (order: 2, 16384 bytes)
[    2.017952] Mountpoint-cache hash table entries: 2048 (order: 2, 16384 bytes)
[    2.026024] Initializing cgroup subsys io
[    2.027372] Initializing cgroup subsys memory
[    2.033526] Initializing cgroup subsys devices
[    2.036066] Initializing cgroup subsys freezer
[    2.045721] Initializing cgroup subsys net_cls
[    2.050160] Initializing cgroup subsys perf_event
[    2.053180] Initializing cgroup subsys net_prio
[    2.064742] Initializing cgroup subsys hugetlb
[    2.068952] Initializing cgroup subsys pids
[    2.073554] mce: CPU supports 0 MCE banks
[    2.077825] Last level iTLB entries: 4KB 64, 2MB 8, 4MB 8
[    2.082428] Last level dTLB entries: 4KB 64, 2MB 0, 4MB 0, 1GB 4
[    2.086357] Spectre V2 : Mitigation: Full generic retpoline
[    2.097391] Spectre V2 : Spectre v2 mitigation: Speculation control IBPB not-supported IBRS not-supported
[    2.113497] Spectre V2 : Spectre v2 / SpectreRSB mitigation: Filling RSB on context switch
[    2.130339] Speculative Store Bypass: Vulnerable
[    2.134731] Freeing SMP alternatives memory: 32K
[    2.151660] ftrace: allocating 32265 entries in 127 pages
[    2.212385] smpboot: APIC(0) Converting physical 0 to logical package 0
[    2.217001] smpboot: Max logical packages: 1
[    2.224293] x2apic enabled
[    2.225659] Switched APIC routing to physical x2apic.
[    2.228928] ..TIMER: vector=0x30 apic1=0 pin1=2 apic2=-1 pin2=-1
[    2.336407] smpboot: CPU0: Intel(R) Core(TM) i5-5350U CPU @ 1.80GHz (family: 0x6, model: 0x3d, stepping: 0x4)
[    2.350269] Performance Events: unsupported p6 CPU model 61 no PMU driver, software events only.
[    2.359126] KVM setup paravirtual spinlock
[    2.362593] x86: Booting SMP configuration:
[    2.370190] .... node  #0, CPUs:      #1
[    2.374383] kvm-clock: cpu 1, msr 0:3ffe3041, secondary cpu clock
[    2.377086] mce: CPU supports 0 MCE banks
[    2.380410] x86: Booted up 1 node, 2 CPUs
[    2.389147] smpboot: Total of 2 processors activated (7199.99 BogoMIPS)
[    2.393776] devtmpfs: initialized
[    2.398340] evm: security.selinux
[    2.412443] evm: security.SMACK64
[    2.417506] evm: security.SMACK64EXEC
[    2.419138] evm: security.SMACK64TRANSMUTE
[    2.425663] evm: security.SMACK64MMAP
[    2.430394] evm: security.ima
[    2.435906] evm: security.capability
[    2.437730] clocksource: jiffies: mask: 0xffffffff max_cycles: 0xffffffff, max_idle_ns: 7645041785100000 ns
[    2.446110] futex hash table entries: 512 (order: 3, 32768 bytes)
[    2.452966] pinctrl core: initialized pinctrl subsystem
[    2.457945] RTC time: 11:27:26, date: 11/20/18
[    2.460668] NET: Registered protocol family 16
[    2.483800] cpuidle: using governor ladder
[    2.504148] cpuidle: using governor menu
[    2.512974] PCCT header not found.
[    2.514588] ACPI: bus type PCI registered
[    2.532400] acpiphp: ACPI Hot Plug PCI Controller Driver version: 0.5
[    2.541223] PCI: Using configuration type 1 for base access
[    2.566473] ACPI: Added _OSI(Module Device)
[    2.569908] ACPI: Added _OSI(Processor Device)
[    2.572873] ACPI: Added _OSI(3.0 _SCP Extensions)
[    2.581197] ACPI: Added _OSI(Processor Aggregator Device)
[    2.584364] ACPI: Executed 1 blocks of module-level executable AML code
[    2.591394] ACPI: Interpreter enabled
[    2.595973] ACPI: (supports S0 S5)
[    2.607624] ACPI: Using IOAPIC for interrupt routing
[    2.610120] PCI: Using host bridge windows from ACPI; if necessary, use "pci=nocrs" and report a bug
[    2.622736] ACPI: PCI Root Bridge [PCI0] (domain 0000 [bus 00-ff])
[    2.631300] acpi PNP0A03:00: _OSC: OS supports [ASPM ClockPM Segments MSI]
[    2.636828] acpi PNP0A03:00: _OSC: not requesting OS control; OS requires [ExtendedConfig ASPM ClockPM MSI]
[    2.649437] acpi PNP0A03:00: fail to add MMCONFIG information, can't access extended PCI configuration space under this bridge.
[    2.654281] PCI host bridge to bus 0000:00
[    2.660208] pci_bus 0000:00: root bus resource [io  0x0000-0x0cf7 window]
[    2.662958] pci_bus 0000:00: root bus resource [io  0x0d00-0xffff window]
[    2.664974] pci_bus 0000:00: root bus resource [mem 0x000a0000-0x000bffff window]
[    2.667549] pci_bus 0000:00: root bus resource [mem 0x40000000-0xfdffffff window]
[    2.669814] pci_bus 0000:00: root bus resource [bus 00-ff]
[    2.674826] pci 0000:00:01.1: legacy IDE quirk: reg 0x10: [io  0x01f0-0x01f7]
[    2.684667] pci 0000:00:01.1: legacy IDE quirk: reg 0x14: [io  0x03f6]
[    2.688250] pci 0000:00:01.1: legacy IDE quirk: reg 0x18: [io  0x0170-0x0177]
[    2.691565] pci 0000:00:01.1: legacy IDE quirk: reg 0x1c: [io  0x0376]
[    2.733965] pci 0000:00:07.0: quirk: [io  0x4000-0x403f] claimed by PIIX4 ACPI
[    2.744182] pci 0000:00:07.0: quirk: [io  0x4100-0x410f] claimed by PIIX4 SMB
[    2.770507] ACPI: PCI Interrupt Link [LNKA] (IRQs 5 9 10 *11)
[    2.774010] ACPI: PCI Interrupt Link [LNKB] (IRQs 5 9 *10 11)
[    2.778656] ACPI: PCI Interrupt Link [LNKC] (IRQs 5 *9 10 11)
[    2.784203] ACPI: PCI Interrupt Link [LNKD] (IRQs 5 9 10 *11)
[    2.792074] ACPI: Enabled 2 GPEs in block 00 to 07
[    2.800203] vgaarb: setting as boot device: PCI:0000:00:02.0
[    2.806619] vgaarb: device added: PCI:0000:00:02.0,decodes=io+mem,owns=io+mem,locks=none
[    2.814873] vgaarb: loaded
[    2.819488] vgaarb: bridge control possible 0000:00:02.0
[    2.824990] SCSI subsystem initialized
[    2.826870] ACPI: bus type USB registered
[    2.831010] usbcore: registered new interface driver usbfs
[    2.833217] usbcore: registered new interface driver hub
[    2.843010] usbcore: registered new device driver usb
[    2.847158] PCI: Using ACPI for IRQ routing
[    2.849421] NetLabel: Initializing
[    2.850826] NetLabel:  domain hash size = 128
[    2.852591] NetLabel:  protocols = UNLABELED CIPSOv4
[    2.854869] NetLabel:  unlabeled traffic allowed by default
[    2.857604] amd_nb: Cannot enumerate AMD northbridges
[    2.866389] clocksource: Switched to clocksource kvm-clock
[   2.889774] AppArmor: AppArmor Filesystem Enabled
[    2.917079] pnp: PnP ACPI init
[    2.91918] pnp: PnP API: found 3 devices

[    2.984988] clocksource: acpi_pm: mask: 0xfffff mx_cycles: 0xffffff, ax_idle_s: 2085701024 ns
[    3.085362] NET: Registered protocol family 2

[    3.087544] TCP established hash table entries: 8192 (order: 4, 65536 bytes)
[    3.090468] TCP bid hash table entries: 8192 (order: 5, 131072 bytes)
[    .118981] TCP: Hash tables configured (established 8192 bind 8192)
[    3.146580] UDP hash table entrie 512 (order: 2, 16384 bytes)
[    3.214566] UDP-Lite hash table entries: 512 (order: 2, 16384 bytes)
[    3.232578] NET: Registered protocol famil 1
[    3.274822] pci 0000:00:00.0: Liting direct PCI/PCI transfers
[    3.328061] pci 0000:00:01.0: Activating ISA DMA hang workarounds
[    3.331222] Unpacking initramfs...

[    3.581984] Freeing initrd memory: 14788K
[    3.585050] RAPL PMU detected, API unit is 2^-32 Joules, 4 fixed counters 10737418240 ms ovfl timer
[    3.608532] hw unit of domain pp0-core 2^-0 Joules
[    3.611232] hw unit of domain package 2^-0 Joules
[    3.613146] hw unit of domain dram 2^-0 Joules
[    3.618288] hw unit of domain pp1-gpu 2^-0 Joules
[    3.620188] platform rtc_cmos: registered platform RTC device (no PNP device found)
[    3.629005] Scanning for low memory corruption every 60 seconds
[    3.647383] audit: initializing netlink subsys (disabled)
[    3.658882] audit: type=2000 audit(1542713250.376:1): initialized
[    3.665386] Initialise system trusted keyring
[    3.675717] HugeTLB registered 2 MB page size, pre-allocated 0 pages
[    3.679699] zbud: loaded
[    3.690293] VFS: Disk quotas dquot_6.6.0
[    3.692106] VFS: Dquot-cache hash table entries: 512 (order 0, 4096 bytes)
[    3.695908] squashfs: version 4.0 (2009/01/31) Phillip Lougher
[    3.698424] fuse init (API version 7.23)
[    3.700586] Key type big_key registered
[    3.704545] Allocating IMA MOK and blacklist keyrings.
[    3.710939] Key type asymmetric registered
[    3.712307] Asymmetric key parser 'x509' registered
[    3.713871] Block layer SCSI generic (bsg) driver version 0.4 loaded (major 249)
[    3.716528] io scheduler noop registered
[    3.717779] io scheduler deadline registered (default)
[    3.724681] io scheduler cfq registered
[    3.732483] pci_hotplug: PCI Hot Plug PCI Core version: 0.5
[    3.736019] pciehp: PCI Express Hot Plug Controller Driver version: 0.4
[    3.738807] ACPI: AC Adapter [AC] (on-line)
[    3.741209] input: Power Button as /devices/LNXSYSTM:00/LNXPWRBN:00/input/input0
[    3.745950] ACPI: Power Button [PWRF]
[    3.747366] input: Sleep Button as /devices/LNXSYSTM:00/LNXSLPBN:00/input/input1
[    3.749823] ACPI: Sleep Button [SLPF]
[    3.752102] GHES: HEST is not enabled!
[    3.754510] Serial: 8250/16550 driver, 32 ports, IRQ sharing enabled
[    3.754650] ACPI: Battery Slot [BAT0] (battery present)
[    3.792389] 00:02: ttyS0 at I/O 0x3f8 (irq = 4, base_baud = 115200) is a 16550A
[    3.807111] Linux agpgart interface v0.103
[    3.811125] loop: module loaded
[    3.813074] scsi host0: ata_piix
[    3.814574] scsi host1: ata_piix
[    3.815955] ata1: PATA max UDMA/33 cmd 0x1f0 ctl 0x3f6 bmdma 0xd000 irq 14
[    3.818357] ata2: PATA max UDMA/33 cmd 0x170 ctl 0x376 bmdma 0xd008 irq 15
[    3.820752] libphy: Fixed MDIO Bus: probed
[    3.822168] tun: Universal TUN/TAP device driver, 1.6
[    3.824187] tun: (C) 1999-2004 Max Krasnyansky <maxk@qualcomm.com>
[    3.826175] PPP generic driver version 2.4.2
[    3.827787] ehci_hcd: USB 2.0 'Enhanced' Host Controller (EHCI) Driver
[    3.829651] ehci-pci: EHCI PCI platform driver
[    3.831059] ehci-platform: EHCI generic platform driver
[    3.832619] ohci_hcd: USB 1.1 'Open' Host Controller (OHCI) Driver
[    3.834362] ohci-pci: OHCI PCI platform driver
[    3.839513] ohci-platform: OHCI generic platform driver
[    3.841735] uhci_hcd: USB Universal Host Controller Interface driver
[    3.853787] i8042: PNP: PS/2 Controller [PNP0303:PS2K,PNP0f03:PS2M] at 0x60,0x64 irq 1,12
[    3.869815] serio: i8042 KBD port at 0x60,0x64 irq 1
[    3.871894] serio: i8042 AUX port at 0x60,0x64 irq 12
[    3.874726] mousedev: PS/2 mouse device common for all mice
[    3.877642] input: AT Translated Set 2 keyboard as /devices/platform/i8042/serio0/input/input2
[    3.881160] rtc_cmos rtc_cmos: rtc core: registered rtc_cmos as rtc0
[    3.883895] rtc_cmos rtc_cmos: alarms up to one day, 114 bytes nvram
[    3.889025] i2c /dev entries driver
[    3.892131] device-mapper: uevent: version 1.0.3
[    3.895480] device-mapper: ioctl: 4.34.0-ioctl (2015-10-28) initialised: dm-devel@redhat.com
[    3.905136] ledtrig-cpu: registered to indicate activity on CPUs
[    3.916481] NET: Registered protocol family 10
[    3.918474] NET: Registered protocol family 17
[    3.929240] Key type dns_resolver registered
[    3.935786] registered taskstats version 1
[    3.937478] Loading compiled-in X.509 certificates
[    3.947875] Loaded X.509 cert 'Build time autogenerated kernel key: 20acc96b50ca7641011eace69d32209215a9b56f'
[    3.954041] zswap: loaded using pool lzo/zbud
[    3.959739] Key type trusted registered
[    3.968839] Key type encrypted registered
[    3.971867] AppArmor: AppArmor sha1 policy hashing enabled
[    3.974089] ima: No TPM chip found, activating TPM-bypass!
[    3.977354] ima: Allocated hash algorithm: sha1
[    3.987842] evm: HMAC attrs: 0x1
[    4.005178]   Magic number: 10:625:479
[    4.013624] rtc_cmos rtc_cmos: setting system clock to 2018-11-20 11:27:27 UTC (1542713247)
[    4.017091] BIOS EDD facility v0.16 2004-Jun-25, 0 devices found
[    4.021384] EDD information not available.
[    4.029630] Freeing unused kernel memory: 1528K
[    4.042977] Write protecting the kernel read-only data: 14336k
[    4.231095] Freeing unused kernel memory: 1672K
[    4.233226] Freeing unused kernel memory: 92K
Loading, please wait...
starting version 229
[    4.277758] random: systemd-udevd: uninitialized urandom read (16 bytes read, 5 bits of entropy available)
[    4.277851] random: udevadm: uninitialized urandom read (16 bytes read, 5 bits of entropy available)
[    4.277873] random: udevadm: uninitialized urandom read (16 bytes read, 5 bits of entropy available)
[    4.289302] random: udevadm: uninitialized urandom read (16 bytes read, 5 bits of entropy available)
[    4.289351] random: udevadm: uninitialized urandom read (16 bytes read, 5 bits of entropy available)
[    4.289485] random: udevadm: uninitialized urandom read (16 bytes read, 5 bits of entropy available)
[    4.289533] random: udevadm: uninitialized urandom read (16 bytes read, 5 bits of entropy available)
[    4.289799] random: udevadm: uninitialized urandom read (16 bytes read, 5 bits of entropy available)
[    4.289928] random: udevadm: uninitialized urandom read (16 bytes read, 5 bits of entropy available)
[    4.290017] random: udevadm: uninitialized urandom read (16 bytes read, 5 bits of entropy available)
[    4.509331] e1000: Intel(R) PRO/1000 Network Driver - version 7.3.21-k8-NAPI
[    4.512165] e1000: Copyright (c) 1999-2006 Intel Corporation.
[    4.521909] Fusion MPT base driver 3.04.20
[    4.533741] Copyright (c) 1999-2008 LSI Corporation
[    4.540663] Fusion MPT SPI Host driver 3.04.20
[    4.560967] AVX2 version of gcm_enc/dec engaged.
[    4.563254] AES CTR mode by8 optimization enabled
[    4.618511] tsc: Refined TSC clocksource calibration: 1800.724 MHz
[    4.621060] clocksource: tsc: mask: 0xffffffffffffffff max_cycles: 0x19f4d57a332, max_idle_ns: 440795209788 ns
[    4.744302] input: ImExPS/2 Generic Explorer Mouse as /devices/platform/i8042/serio1/input/input4
[    4.965479] e1000 0000:00:03.0 eth0: (PCI:33MHz:32-bit) 02:28:89:27:00:51
[    4.974124] e1000 0000:00:03.0 eth0: Intel(R) PRO/1000 Network Connection
[    4.979120] mptbase: ioc0: Initiating bringup
[    5.223893] ioc0: LSI53C1030 A0: Capabilities={Initiator}
[    6.156904] scsi host2: ioc0: LSI53C1030 A0, FwRev=00000000h, Ports=1, MaxQ=256, IRQ=20
[    6.654145] scsi 2:0:0:0: Direct-Access     VBOX     HARDDISK         1.0  PQ: 0 ANSI: 5
[    6.968953] scsi target2:0:0: Beginning Domain Validation
[    6.977536] scsi target2:0:0: Domain Validation skipping write tests
[    6.984543] scsi target2:0:0: Ending Domain Validation
[    6.988383] scsi target2:0:0: asynchronous
[    7.011709] scsi 2:0:1:0: Direct-Access     VBOX     HARDDISK         1.0  PQ: 0 ANSI: 5
[    7.015859] scsi target2:0:1: Beginning Domain Validation
[    7.019650] scsi target2:0:1: Domain Validation skipping write tests
[    7.022506] scsi target2:0:1: Ending Domain Validation
[    7.025045] scsi target2:0:1: asynchronous
[    7.080616] sd 2:0:0:0: Attached scsi generic sg0 type 0
[    7.083532] sd 2:0:0:0: [sda] 20971520 512-byte logical blocks: (10.7 GB/10.0 GiB)
[    7.087374] sd 2:0:1:0: [sdb] 20480 512-byte logical blocks: (10.5 MB/10.0 MiB)
[    7.090768] sd 2:0:1:0: Attached scsi generic sg1 type 0
[    7.098879] sd 2:0:0:0: [sda] Write Protect is off
[    7.101109] sd 2:0:1:0: [sdb] Write Protect is off
[    7.103421] sd 2:0:0:0: [sda] Incomplete mode parameter data
[    7.105807] sd 2:0:0:0: [sda] Assuming drive cache: write through
[    7.113961] sd 2:0:1:0: [sdb] Incomplete mode parameter data
[    7.116308] sd 2:0:1:0: [sdb] Assuming drive cache: write through
[    7.124576] sd 2:0:1:0: [sdb] Attached SCSI disk
[    7.127154]  sda: sda1
[    7.129501] sd 2:0:0:0: [sda] Attached SCSI disk
[    7.405486] e1000 0000:00:08.0 eth1: (PCI:33MHz:32-bit) 08:00:27:d2:aa:c9
[    7.416137] e1000 0000:00:08.0 eth1: Intel(R) PRO/1000 Network Connection
[    7.436800] e1000 0000:00:08.0 enp0s8: renamed from eth1
[    7.451129] e1000 0000:00:03.0 enp0s3: renamed from eth0
Begin: Loading essential drivers ... [    8.814053] md: linear personality registered for level -1
[    8.828180] md: multipath personality registered for level -4
[    8.843725] md: raid0 personality registered for level 0
[    8.864017] md: raid1 personality registered for level 1
[    8.938567] raid6: sse2x1   gen()  3203 MB/s
[    9.011147] raid6: sse2x1   xor()  3778 MB/s
[    9.090447] raid6: sse2x2   gen() 11177 MB/s
[    9.169186] raid6: sse2x2   xor()  7254 MB/s
[    9.250471] raid6: sse2x4   gen() 12193 MB/s
[    9.330451] raid6: sse2x4   xor()  8332 MB/s
[    9.402667] raid6: avx2x1   gen() 16223 MB/s
[    9.479031] raid6: avx2x2   gen() 18842 MB/s
[    9.563405] raid6: avx2x4   gen() 21716 MB/s
[    9.579708] raid6: using algorithm avx2x4 gen() 21716 MB/s
[    9.599583] raid6: using avx2x2 recovery algorithm
[    9.617381] xor: automatically using best checksumming function:
[    9.674414]    avx       : 21858.000 MB/sec
[    9.683507] async_tx: api initialized (async)
[    9.703289] md: raid6 personality registered for level 6
[    9.711075] md: raid5 personality registered for level 5
[    9.734941] md: raid4 personality registered for level 4
[    9.750642] md: raid10 personality registered for level 10
done.
Begin: Running /scripts/init-premount ... done.
Begin: Mounting root file system ... Begin: Running /scripts/local-top ... done.
Begin: Running /scripts/local-premount ... [    9.800841] Btrfs loaded
Scanning for Btrfs filesystems
done.
Warning: fsck not present, so skipping root file system
[    9.865643] EXT4-fs (sda1): mounted filesystem with ordered data mode. Opts: (null)
done.
Begin: Running /scripts/local-bottom ... done.
Begin: Running /scripts/init-bottom ... done.
[   10.004518] systemd[1]: systemd 229 running in system mode. (+PAM +AUDIT +SELINUX +IMA +APPARMOR +SMACK +SYSVINIT +UTMP +LIBCRYPTSETUP +GCRYPT +GNUTLS +ACL +XZ -LZ4 +SECCOMP +BLKID +ELFUTILS +KMOD -IDN)
[   10.016210] systemd[1]: Detected virtualization oracle.
[   10.018328] systemd[1]: Detected architecture x86-64.

Welcome to [1mUbuntu 16.04.5 LTS[0m!

[   10.027351] systemd[1]: Set hostname to <ubuntu>.
[   10.032444] systemd[1]: Initializing machine ID from random generator.
[   10.035113] systemd[1]: Installed transient /etc/machine-id file.
[   10.279345] systemd[1]: Reached target System Time Synchronized.
[[0;32m  OK  [0m] Reached target System Time Synchronized.
[  10.323047] systemd[1]:Listenng on Journal Audit Socket.

[[0;32m  OK  [0m] Listening on Journal Audit Socket.
[  10.42686] systemd[1] Reached target ser and Group Name Lookups.
[[0;32m  OK  [0m] Reached target User and Group Name Lookups.
[   10.559099] systemd[1]: Set up automount Arbitrary Executable File Formats File System Automount Point.
[[0;32m  OK  [0m] Set up automount Arbitrary Executab...ats File System Automount Point.
[   10.607902] systemd[1]: Listening on udev Control Socket.
[[0;32m  OK  [0m] Listening on udev Control Socket.
[   10.640497] systemd[1]: Listening on Syslog Socket.
[[0;32m  OK  [0m] Listening on Syslog Socket.
[  10.667512] systemd[1]: Started Trigger resolvconf update for networkd DNS.

[[0;32m  OK  [0m] Started Trigger resolvconf update for networkd DNS.
[   10.733732] systemd[1]: Listeing on /dev/initctl Compatibility Named Pipe.

[[0;32m  OK  [0m] Listening on /dev/initctl Compatibility Named Pipe.
[   10.787158] systemd[1]: Listeningon Journal Socket.

[[0;32m  OK  [0m] Listening on Journal Socket.
[   10.82848] sytemd[1]: Reached target Encrypted Volumes.

[[0;32m  OK  [0m] Reached target Encrypted Volumes.
[   10.895708] systemd[1]: Started Forward Password Requests to Wall Directory Watch.
[[0;32m  OK  [0m] Started Forward Password Requests to Wall Directory Watch.
[  10.20062] systemd[]: Created lice System Slice.

[[0;32m  OK  [0m] Created slice System Slice.
[   11.047250] systemd[1]: Starting Create list of required static device nodes for the current kernel...
         Starting Create list of required st... nodes for the current kernel...
[   11.080485] systemd[1]: Starting Uncomplicated firewall...
         Starting Uncomplicated firewall...
[   11.127151] systemd[1]: Mounting POSIX Message Queue File System...
         Mounting POSIX Message Queue File System...
[   11.159427] systemd[1]: Starting Load Kernel Modules...
         Starting Load Kernel Modules...[   11.180987] Loading iSCSI transport class v2.0-870.

[   11.216413] systemd[1]: Mounting Debug File System...
[   11.227125] iscsi: registered transport (tcp)
         Mounting Debug File System...
[   11.271176] systemd[1]: Mounting Huge Pages File System...
         Mounting Huge Pa[   11.305755] iscsi: registered transport (iser)
ges File System...
[   11.321951] systemd[1]: Created slice system-serial\x2dgetty.slice.
[[0;32m  OK  [0m] Created slice system-serial\x2dgetty.slice.
[   11.358865] systemd[1]: Starting Set console keymap...
[   11.367549] random: nonblocking pool is initialized
         Starting Set console keymap...
[   11.373283] systemd[1]: Starting Nameserver information manager...
         Starting Nameserver information manager...
[   11.395640] systemd[1]: Listening on Journal Socket (/dev/log).
[[0;32m  OK  [0m] Listening on Journal Socket (/dev/log).
[   11.418837] systemd[1]: Starting Journal Service...
         Starting Journal Service...
[   11.426040] systemd[1]: Listening on Device-mapper event daemon FIFOs.
[[0;32m  OK  [0m] Listening on Device-mapper event daemon FIFOs.
[   11.436048] systemd[1]: Starting Remount Root and Kernel File Systems...
         [   11.442436] EXT4-fs (sda1): re-mounted. Opts: (null)
Starting Remount Root and Kernel File Systems...
[   11.456889] systemd[1]: Reached target Swap.
[[0;32m  OK  [0m] Reached target Swap.
[   11.487645] systemd[1: Listenin on VM2 metadata daemon socket.

[[0;32m  OK  [0m] Listening on LVM2 metadata daemon socket.
[   11.627135] systemd[1]: Starting Monitoring of LVM2 mirrors, snapshots etc. using dmeventd or progress polling...
         Starting Monitoring of LVM2 mirrors... dmeventd or progress polling...
[   11.655262] systemd[1]: Listening on LVM2 poll daemon socket.
[[0;32m  OK  [0m] Listening on LVM2 poll daemon socket.
[   11.60570systemd[1]: Created slice User and Session Slice.

[[0;32m  OK  [0m] Created slice User and Session Slice.
[   11.775240] systemd[1]: Reached targetlices.

[[0;32m  OK  [0m] Reached target Slices.
[   11.847471] systemd[1]: Listening on udev Kernel Socket.
[[0;32m  OK  [0m] Listening on udev Kernel Socket.
[   11.872757] systemd[1]: Mounted Debug File System.
[[0;32m  OK  [0m] Mounted Debug File System.
[   11.884455] systemd[1]: Mounted POSIX Message Queue File System.
[[0;32m  OK  [0m] Mounted POSIX Message Queue File System.
[   11.911101] systemd[1]: ounted Hge Page File System.

[[0;32m  OK  [0m] Mounted Huge Pages File System.
[   12.014173] systemd[1]: Started Journal Service.
[[0;32m  OK  [0m] Started Journal Service.
[[0;32m  OK  [0m] Started Create list of required sta...ce nodes for the current kernel.
[[0;32m  OK  [0m] Started Uncomplicated firewall.
[[0;32m  OK  [0m] Started Load Kernel Modules.
[[0;32m  OK  [0m] Started Set console keymap.
[[0;32m  OK  [0m] Started Remount Root and Kernel File Systems.
[[0;32m  OK  [0m] Started Nameserver information manager.
[[0;32m  OK  [0m] Started LVM2 metadata daemon.
         Starting Load/Save Random Seed...
         Starting udev Coldplug all Devices...
         Starting Apply Kernel Variables...
         Mounting FUSE Control File System...
         Starting Create Static Device Nodes in /dev...
         Starting Flush Journal to Persistent Storage...
[[0;32m  OK  [0m] Mounted FUSE Control File System.
[[0;32m  OK  [0m] Started Load/Save Random Seed.
[[0;32m  OK  [0m] Started Apply Kernel Variables.
[[0;32m  OK  [0m] Started Create Static Device Nodes in /dev.
[[0;32m  OK  [0m] Started udev Coldplug all Devices.
[[0;32m  OK  [0m] Started Flush Journal to Persistent Storage.
         Starting udev Kernel Device Manager...
[[0;32m  OK  [0m] Started Monitoring of LVM2 mirrors,...ng dmeventd or progress polling.
[[0;32m  OK  [0m] Started udev Kernel Device Manager.
[[0;32m  OK  [0m] Started Dispatch Password Requests to Console Directory Watch.
[[0;32m  OK  [0m] Reached target Local File Systems (Pre).
[[0;32m  OK  [0m] Reached target Local File Systems.
         Starting Create Volatile Files and Directories...
         Starting Tell Plymouth To Write Out Runtime Data...
         Starting LSB: AppArmor initialization...
         Starting Initial cloud-init job (pre-networking)...
         Starting Commit a transient machine-id on disk...
         Starting Set console font and keymap...
[[0;32m  OK  [0m] Started Create Volatile Files and Directories.
[[0;32m  OK  [0m] Started Tell Plymouth To Write Out Runtime Data.
[[0;32m  OK  [0m] Started Commit a transient machine-id on disk.
[[0;32m  OK  [0m] Found device /dev/ttyS0.
[[0;32m  OK  [0m] Listening on Load/Save RF Kill Switch Status /dev/rfkill Watch.
         Starting Update UTMP about System Boot/Shutdown...
[[0;32m  OK  [0m] Started Update UTMP about System Boot/Shutdown.
[[0;32m  OK  [0m] Started LSB: AppArmor initialization.
[   12.141765] cloud-init[593]: Cloud-init v. 18.3-9-g2e62cb8a-0ubuntu1~16.04.2 running 'init-local' at Tue, 20 Nov 2018 11:27:37 +0000. Up 11.77 seconds.
[[0;32m  OK  [0m] Started Initial cloud-init job (pre-networking).
[[0;32m  OK  [0m] Reached target Network (Pre).
         Starting Raise network interfaces...
[[0;32m  OK  [0m] Started Set console font and keymap.
[[0;32m  OK  [0m] Created slice system-getty.slice.
[[0;32m  OK  [0m] Started Raise network interfaces.
[[0;32m  OK  [0m] Reached target Network.
         Starting Initial cloud-init job (metadata service crawler)...
[   13.568641] cloud-init[941]: Cloud-init v. 18.3-9-g2e62cb8a-0ubuntu1~16.04.2 running 'init' at Tue, 20 Nov 2018 11:27:38 +0000. Up 12.87 seconds.
[   13.632716] cloud-init[941]: ci-info: +++++++++++++++++++++++++++++++++++++Net device info++++++++++++++++++++++++++++++++++++++
[   13.672849] cloud-init[941]: ci-info: +--------+-------+--------------------------+---------------+--------+-------------------+
[[0;32m  OK  [0m] Started Initial cloud-init job (metadata service crawler).
[   13.674866] cloud-init[941]: ci-info: | Device |   Up  |         Address          |      Mask     | Scope  |     Hw-Address    |
[   13.812760] [cloud-init[0;32m  OK  [0m[941]: ] ci-info: +--------+-------+--------------------------+---------------+--------+-------------------+Reached target System Initialization.

[   13.814074]          Starting LXD - unix socket.
cloud-init[941]: ci-info: | enp0s3 |  True |        10.0.2.15         | 255.255.255.0 | global | 02:28:89:27:00:51 |
[[0;32m  OK  [0m] Started Daily apt download activities.
[[0;32m  OK  [0m] Listening on D-Bus System Message Bus Socket.
[[0;32m  OK  [0m] Started Daily Cleanup of Temporary Directories.
[   13.878474] cloud-init[941]: ci-info: | enp0s3 |  True | fe80::28:89ff:fe27:51/64 |       .       |  link  | 02:28:89:27:00:51 |
         Starting Socket activation for snappy daemon.
[   14.079848] [cloud-init[0;32m  OK  [0m[941]: ] ci-info: | enp0s8 | False |            .             |       .       |   .    | 08:00:27:d2:aa:c9 |Listening on UUID daemon activation socket.

[   14.104131] [cloud-init[0;32m  OK  [0m[941]: ] ci-info: |   lo   |  True |        127.0.0.1         |   255.0.0.0   |  host  |         .         |Started ACPI Events Check.

[   14.105058] [[0;32m  OK  [0m] Reached target Paths.
cloud-init[941]: ci-info: |   lo   |  True |         ::1/128          |       .       |  host  |         .         |
[   14.252541] [[0;32m  OK  [0m] Started Daily apt upgrade and clean activities.
[[0;32m  OK  [0m] Reached target Timers.
cloud-init[941]: ci-info: +--------+-------+--------------------------+---------------+--------+-------------------+
[   14.326566] [[0;32m  OK  [0m] Listening on ACPID Listen Socket.
cloud-init[941]: ci-info: +++++++++++++++++++++++++++Route IPv4 info++++++++++++++++++++++++++++
[[0;32m  OK  [0m] Reached target Network is Online.
[   14.328560] cloud-init[941]: ci-info: +-------+-------------+----------+---------------+-----------+-------+
[   14.382826] cloud-init[941]: ci-info: | Route | Destination | Gateway  |    Genmask    | Interface | Flags |
[   14.387948]          Starting iSCSI initiator daemon (iscsid)...
[[0;32m  OK  [0m] Reached target Cloud-config availability.
cloud-init[941]: ci-info: +-------+-------------+----------+---------------+-----------+-------+
[   14.429318] [[0;32m  OK  [0m] Listening on LXD - unix socket.
[cloud-init[0;32m  OK  [0m[941]: ] ci-info: |   0   |   0.0.0.0   | 10.0.2.2 |    0.0.0.0    |   enp0s3  |   UG  |Listening on Socket activation for snappy daemon.

[   14.434736] cloud-init[941]: ci-info: |   1   |   10.0.2.0  | 0.0.0.0  | 255.255.255.0 |   enp0s3  |   U   |
[   14.500833] [[0;32m  OK  [0m] Started iSCSI initiator daemon (iscsid).
cloud-init[941]: ci-info: +-------+-------------+----------+---------------+-----------+-------+
[   14.541604]          Starting Login to default iSCSI targets...
[[0;32m  OK  [0m] Reached target Sockets.
[[0;32m  OK  [0m] Reached target Basic System.
cloud-init[941]: ci-info: +++++++++++++++++++Route IPv6 info+++++++++++++++++++
[   14.570081]          Starting System Logging Service...
         Starting Virtualbox guest utils...
cloud-init         Starting Snappy daemon...
[[0;32m  OK  [0m] Started ACPI event daemon.
         Starting Login Service...
         Starting /etc/rc.local Compatibility...
         Starting LXD - container startup/shutdown...
[941]: ci-info: +-------+-------------+---------+-----------+-------+
[   14.626100] [[0;32m  OK  [0m] Started FUSE filesystem for LXC.
cloud-init[941]: ci-info: | Route | Destination | Gateway | Interface | Flags |
[   14.641110]          Starting LSB: MD monitoring daemon...
[[0;32m  OK  [0m] Started Unattended Upgrades Shutdown.
cloud-init[941]: ci-info: +-------+-------------+---------+-----------+-------+
[   14.684134] [[0;32m  OK  [0m] Started D-Bus System Message Bus.
cloud-init[941]: ci-info: |   0   |  fe80::/64  |    ::   |   enp0s3  |   U   |
[   14.701526] cloud-init[941]: ci-info: |   3   |   ff00::/8  |    ::   |   enp0s3  |   U   |
[   14.712765] cloud-init[941]: ci-info: +-------+-------------+---------+-----------+-------+
[   14.750314] cloud-init[941]: Generating public/private rsa key pair.
         Starting Accounts Service...
[   14.790020] cloud-init[941]: Your identification has been saved in /etc/ssh/ssh_host_rsa_key.
[[0;32m  OK  [0m] Started Regular background program processing daemon.
[   14.841604] cloud-init[941]: Your public key has been saved in /etc/ssh/ssh_host_rsa_key.pub.
         [   14.879879] Starting Pollinate to seed the pseudo random number generator...cloud-init
[941]: The key fingerprint is:
[   14.922878] cloud-init[941]: SHA256:yZNe1SKrh4k9eCEq87/sWirwtYfeETpSE5TLCnawnOQ root@ubuntu-xenial
[   14.923774] cloud-init[941]: The key's randomart image is:
[   14.924673] cloud-init[941]: +---[RSA 2048]----+
[   14.924723] cloud-init[941]: |    ..           |
         Starting LSB: Record successful boot for GRUB...
[   14.924773] cloud-init[941]: | o ..        .   |
[   15.025461] cloud-init[941]: |+ +...    . o .  |
[   15.025960] cloud-init[941]: |.E .o. . o + .   |
[[0;32m  OK  [0m] Started Deferred execution scheduler.
[   15.026220] cloud-init[941]: |....o o S o      |
[   15.175449] cloud-init[941]: |. ...+ B B       |
[   15.175966] cloud-init[941]: | o+.+o= O .      |
[[0;32m  OK  [0m] Started System Logging Service.
[[   15.176477] cloud-init[941]: |  o=o*.o o       |
[   15.211623] cloud-init[941]: |   o==*.         |
[0;32m  OK  [0m] Started Snappy daemon.
[   15.211913] cloud-init[941]: +----[SHA256]-----+
[   15.261215] cloud-init[941]: Generating public/private dsa key pair.
[   15.262224] cloud-init[941]: Your identification has been saved in /etc/ssh/ssh_host_dsa_key.
[[0;32m  OK  [0m] Started /etc/rc.local Compatibility.
[   15.264891] cloud-init[941]: Your public key has been saved in /etc/ssh/ssh_host_dsa_key.pub.
[[   15.325604] cloud-init[941]: The key fingerprint is:
[   15.326677] cloud-init[941]: SHA256:egg3WzuCmvHTKBnOR+5p87g7PXxT/g/1c91gf7LT7CM root@ubuntu-xenial
[0;32m  OK  [0m] Started LXD - container startup/shutdown.
[   15.326857] cloud-init[941]: The key's randomart image is:
[   15.413029] cloud-init[941]: +---[DSA 1024]----+
[[   15.413973] [0;32m  OK  [0mcloud-init] [941]: Started Pollinate to seed the pseudo random number generator.|                 |

[   15.414823] cloud-init[941]: |                 |
[   15.488348] cloud-init[941]: |                 |
[   15.508924] cloud-init[941]: |                 |
[   15.532729] cloud-init[941]: |    . o S     +  |
[   15.541354] [[0;32m  OK  [0m] Started Login to default iSCSI targets.
cloud-init[941]: |  . .+ * ..  o +o|
[   15.547184] cloud-init[941]: | o.=.== +o  . .+B|
[   15.553374] cloud-init[941]: |  ==Oo=oo..  E.+*|
[   15.569354] cloud-init[941]: |  o=BB.o . ...+oo|
[[0;32m  OK  [0m] Started LSB: MD monitoring daemon.
[   15.583582] cloud-init[941]: +----[SHA256]-----+
[   15.594508] cloud-init[941]: Generating public/private ecdsa key pair.
[   15.620391] [[0;32m  OK  [0m] Started Login Service.
[[0;32m  OK  [0m] Started LSB: Record successful boot for GRUB.
cloud-init[941]: Your identification has been saved in /etc/ssh/ssh_host_ecdsa_key.
[   15.637190]          Starting Authenticate and Authorize Users to Run Privileged Tasks...
[[0;32m  OK  [0m] Reached target Remote File Systems (Pre).
cloud-init[941]: Your public key has been saved in /etc/ssh/ssh_host_ecdsa_key.pub.
[[0;32m  OK  [0m] Reached target Remote File Systems.
[   15.689431] cloud-init[941]: The key fingerprint is:
[   15.716658]          Starting LSB: automatic crash report generation...
         Starting Permit User Sessions...
cloud-init[941]: SHA256:w+1ce7SOe6KYJXLvc92s4zypdN6d8ad4QcQuYD0DM7A root@ubuntu-xenial
[   15.805103]          cloud-initStarting LSB: Set the CPU Frequency Scaling governor to "ondemand"...[941]: 
The key's randomart image is:
[   15.837272]          Starting LSB: daemon to balance interrupts for SMP systems...
cloud-init[941]: +---[ECDSA 256]---+
[   15.851043]          Starting OpenBSD Secure Shell server...
         Starting Wait until snapd is fully seeded...
[[0;32m  OK  [0m] Started Virtualbox guest utils.
[[0;32m  OK  [0m] Started Permit User Sessions.
[[0;32m  OK  [0m] Started Authenticate and Authorize Users to Run Privileged Tasks.
[[0;32m  OK  [0m] Started Accounts Service.
cloud-init[941]: [[0;32m  OK  [0m] Started OpenBSD Secure Shell server.
|        ..+o .   |
[   15.884189] cloud-init[941]: |         .oo+ o  |
[   15.888465] cloud-init[941]: |        E. . =   |
[   15.909829] [[0;32m  OK  [0m] Started LSB: automatic crash report generation.
[[0;32m  OK  [0m] Started LSB: Set the CPU Frequency Scaling governor to "ondemand".
cloud-init[941]: |       . .  . o  |
[   15.924092] cloud-init[941]: |        S . .o.  |
[   15.948094]          Starting Hold until boot process finishes up...
cloud-init[941]: |         + . o.. |
         Starting Terminate Plymouth Boot Screen...
[   15.981019] cloud-init[941]: |      . o + o.+* |
[   16.049179] [cloud-init[0;32m  OK  [0m[941]: ] |       o *..oOB.O|Started LSB: daemon to balance interrupts for SMP systems.

[   16.109382] [cloud-init[0;32m  OK  [0m[941]: ] |        o.++=BB*=|Started Hold until boot process finishes up.

[   16.110627] cloud-init[[0;32m  OK  [0m] Started Terminate Plymouth Boot Screen.
[941]: +----[SHA256]-----+
[   16.190030]          cloud-initStarting Set console scheme...[941]: 
Generating public/private ed25519 key pair.
[   16.221183] [[0;32m  OK  [0m] Started Getty on tty1.
cloud-init[941]: Your identification has been saved in /etc/ssh/ssh_host_ed25519_key.
[   16.269649] [[0;32m  OK  [0m] Started Serial Getty on ttyS0.
[[0;32m  OK  [0m] Reached target Login Prompts.
cloud-init[941]: Your public key has been saved in /etc/ssh/ssh_host_ed25519_key.pub.
[   16.296948] cloud-init[941]: The key fingerprint is:
[   16.297996] cloud-init[941]: SHA256:XX9pfVgshQz8cjjvZsZ5SnMQDtREe9+mQCTjLEJhSks root@ubuntu-xenial
[[0;32m  OK  [0m] Started Set console scheme.
[   16.300416] cloud-init[941]: The key's randomart image is:
[   16.373434] cloud-init[941]: +--[ED25519 256]--+
[   16.390943] cloud-init[941]: |    E +.  o.+*o..|
[   16.417421] cloud-init[941]: |   o =   o =. ++ |
[   16.435253] cloud-init[941]: |    o . . o +o+ +|
[   16.465365] cloud-init[941]: |       . o o++o*=|
[   16.481522] cloud-init[941]: |        S . .==oB|
[   16.501003] cloud-init[941]: |             .o=.|
[   16.517177] cloud-init[941]: |             o+..|
[   16.537947] cloud-init[941]: |             .Bo.|
[   16.544837] cloud-init[941]: |             +.o |
[   16.569381] cloud-init[941]: +----[SHA256]-----+
[[0;32m  OK  [0m] Created slice User Slice of vagrant.
         Starting User Manager for UID 1000...
[[0;32m  OK  [0m] Started Session 1 of user vagrant.
[[0;32m  OK  [0m] Started User Manager for UID 1000.
         Stopping User Manager for UID 1000...
[[0;32m  OK  [0m] Stopped User Manager for UID 1000.
[[0;32m  OK  [0m] Removed slice User Slice of vagrant.
[[0;32m  OK  [0m] Created slice User Slice of vagrant.
         Starting User Manager for UID 1000...
[[0;32m  OK  [0m] Started Session 2 of user vagrant.
[[0;32m  OK  [0m] Started User Manager for UID 1000.
[[0;32m  OK  [0m] Started Wait until snapd is fully seeded.
[[0;32m  OK  [0m] Reached target Multi-User System.
[[0;32m  OK  [0m] Reached target Graphical Interface.
         Starting Update UTMP about System Runlevel Changes...
         Starting Apply the settings specified in cloud-config...
[[0;32m  OK  [0m] Started Update UTMP about System Runlevel Changes.
[   19.937153] cloud-init[1509]: Generating locales (this might take a while)...
[   21.153735] cloud-init[1509]:   en_US.UTF-8... done
[   21.159383] cloud-init[1509]: Generation complete.
[   21.747420] cloud-init[1509]: Cloud-init v. 18.3-9-g2e62cb8a-0ubuntu1~16.04.2 running 'modules:config' at Tue, 20 Nov 2018 11:27:45 +0000. Up 19.81 seconds.

Ubuntu 16.04.5 LTS ubuntu-xenial ttyS0

ubuntu-xenial login: ci-info: no authorized ssh keys fingerprints found for user ubuntu.
<14>Nov 20 11:27:48 ec2: 
<14>Nov 20 11:27:48 ec2: #############################################################
<14>Nov 20 11:27:48 ec2: -----BEGIN SSH HOST KEY FINGERPRINTS-----
<14>Nov 20 11:27:48 ec2: 1024 SHA256:egg3WzuCmvHTKBnOR+5p87g7PXxT/g/1c91gf7LT7CM root@ubuntu-xenial (DSA)
<14>Nov 20 11:27:48 ec2: 256 SHA256:w+1ce7SOe6KYJXLvc92s4zypdN6d8ad4QcQuYD0DM7A root@ubuntu-xenial (ECDSA)
<14>Nov 20 11:27:48 ec2: 256 SHA256:XX9pfVgshQz8cjjvZsZ5SnMQDtREe9+mQCTjLEJhSks root@ubuntu-xenial (ED25519)
<14>Nov 20 11:27:48 ec2: 2048 SHA256:yZNe1SKrh4k9eCEq87/sWirwtYfeETpSE5TLCnawnOQ root@ubuntu-xenial (RSA)
<14>Nov 20 11:27:48 ec2: -----END SSH HOST KEY FINGERPRINTS-----
<14>Nov 20 11:27:48 ec2: #############################################################
-----BEGIN SSH HOST KEY KEYS-----
ecdsa-sha2-nistp256 AAAAE2VjZHNhLXNoYTItbmlzdHAyNTYAAAAIbmlzdHAyNTYAAABBBOW9tGCZTVCIye6zbwcuP/F1Zjcxu8N+gyjDjoS4ttEMp9fSAcT1qGG4d+5NIOZd3Ap7z7HtSQSRBeRYrI+vDeM= root@ubuntu-xenial
ssh-ed25519 AAAAC3NzaC1lZDI1NTE5AAAAIGYrig5nCMp+tsNHM2EH4pTbB6N+tlhWEeF4QEeBsnq3 root@ubuntu-xenial
ssh-rsa AAAAB3NzaC1yc2EAAAADAQABAAABAQChDnymzSKs4PEphkAIZOGRFNLyqihBFpDBqYPGNPLUzRxnTPVhTMPxZB/dO8VYsAaNFs5gmmnwED4N4ZgLlfH2rcsZXrprQaBQ+G24xsHS2yf2WwHrpKyzpJ8xBd4JGH7RMVXBb1DTP/qeeiNNpg41LguMZ2YWGKEAcVxPg3+NAtdY9LEDVAAHwA0o13xKVQweE5pSjLtMgpJsgBj6eMafW9KOz3mnjrK7bj7BeMJ26W6Fv8WAKkJAcxMFUIrVnK2cEqnazaJGMTn70npKXN6rQHfRamGskbDLEwLWbH49NmWFOdXUS0q3cYQhHwSgAGq0dfIpQIR+rrnLq1IhZuuf root@ubuntu-xenial
-----END SSH HOST KEY KEYS-----
[   22.514868] cloud-init[1784]: Cloud-init v. 18.3-9-g2e62cb8a-0ubuntu1~16.04.2 running 'modules:final' at Tue, 20 Nov 2018 11:27:48 +0000. Up 22.27 seconds.
[   22.515176] cloud-init[1784]: ci-info: no authorized ssh keys fingerprints found for user ubuntu.
[   22.515367] cloud-init[1784]: Cloud-init v. 18.3-9-g2e62cb8a-0ubuntu1~16.04.2 finished at Tue, 20 Nov 2018 11:27:48 +0000. Datasource DataSourceNoCloud [seed=/dev/sdb][dsmode=net].  Up 22.50 seconds
